>> /home/alex/projects/cosmo/cosmo-build64 /home/alex/data/dsk_runs/chrom14_k64_t1_nocount.solid_kmers_binary -k 64 -m 2048 -d -o /home/alex/data/ssd/
[STXXL-MSG] STXXL v1.4.99 (prerelease/Release) (git 052d8b31f26e77cea290d72da0b1e358f53a54dd) + gnu parallel(20151204)
[STXXL-MSG] Disk '/dev/sda' is allocated, space: 238475 MiB, I/O implementation: linuxaio autogrow=no devid=0 raw_device
[STXXL-MSG] Disk '/dev/sdb' is allocated, space: 238475 MiB, I/O implementation: linuxaio autogrow=no devid=1 raw_device
[STXXL-MSG] Disk '/dev/sdd' is allocated, space: 238475 MiB, I/O implementation: linuxaio autogrow=no devid=2 raw_device
[STXXL-MSG] Disk '/dev/sde' is allocated, space: 238475 MiB, I/O implementation: linuxaio autogrow=no devid=3 raw_device
[STXXL-MSG] In total 4 disks are allocated, space: 953900 MiB
[2016-06-28 19:02:38.551066] [0x8012c800] [info]    /home/alex/data/dsk_runs/chrom14_k64_t1_nocount.solid_kmers_binary looks like a DSK1 file.
[2016-06-28 19:02:38.734378] [0x8012c800] [trace]   Reading input and creating runs...
[STXXL-MSG] Set up an linuxaio queue with 64 entries.
[2016-06-28 19:04:29.304662] [0x8012c800] [info]    Building from 855309314 edges...
[2016-06-28 19:04:29.304691] [0x8012c800] [trace]   Merging runs...
[2016-06-28 19:04:31.297059] [0x7c028700] [trace]   Materializing table B...
[2016-06-28 19:04:32.960735] [0x7c829700] [trace]   Materializing table A...
[2016-06-28 19:05:44.067773] [0x8012c800] [trace]   Searching for nodes requiring dummy edges...
[2016-06-28 19:09:40.998878] [0x8012c800] [info]    # out dummies      : 18173458
[2016-06-28 19:09:40.998908] [0x8012c800] [info]    # inc dummies      : 18173458
[2016-06-28 19:09:40.998917] [0x8012c800] [info]    # inc dummy shifts : 907569734
[2016-06-28 19:09:40.998922] [0x8012c800] [trace]   Sorting dummies...
[2016-06-28 19:09:41.679539] [0x8012c800] [trace]   Materializing dummies...
[2016-06-28 19:11:03.707464] [0x8012c800] [trace]   Merging in dummies...
[2016-06-28 19:17:04.629992] [0x8012c800] [trace]   Building dBG...
[2016-06-28 19:17:53.131254] [0x8012c800] [trace]   Done!
[2016-06-28 19:17:53.131334] [0x8012c800] [info]    
STXXL I/O statistics
 total number of reads                      : 63733 (62.239 Ki) 
 average block size (read)                  : 2097152 (2.000 MiB) 
 number of bytes read from disks            : 133657788416 (124.479 GiB) 
 time spent in serving all read requests    : 1616.89 s @ 78.834 MiB/s
 time spent in reading (parallel read time) : 422.205 s @ 301.905 MiB/s
 total number of writes                     : 54792 (53.508 Ki) 
 average block size (write)                 : 2097152 (2.000 MiB) 
 number of bytes written to disks           : 114907152384 (107.016 GiB) 
 time spent in serving all write requests   : 5681.17 s @ 19.289 MiB/s
 time spent in writing (parallel write time): 234.902 s @ 466.51 MiB/s
 time spent in I/O (parallel I/O time)      : 511.135 s @ 463.772 MiB/s
 I/O wait time                              : 88.7546 s
 I/O wait4read time                         : 54.6136 s
 I/O wait4write time                        : 34.141 s
 Time since the last reset                  : 914.63 s
 Peak disk allocs                           : 68964 MB
	Command being timed: "/home/alex/projects/cosmo/cosmo-build64 /home/alex/data/dsk_runs/chrom14_k64_t1_nocount.solid_kmers_binary -k 64 -m 2048 -d -o /home/alex/data/ssd/"
	User time (seconds): 1645.18
	System time (seconds): 59.74
	Percent of CPU this job got: 186%
	Elapsed (wall clock) time (h:mm:ss or m:ss): 15:15.52
	Average shared text size (kbytes): 0
	Average unshared data size (kbytes): 0
	Average stack size (kbytes): 0
	Average total size (kbytes): 0
	Maximum resident set size (kbytes): 3379552
	Average resident set size (kbytes): 0
	Major (requiring I/O) page faults: 27
	Minor (reclaiming a frame) page faults: 105252
	Voluntary context switches: 243578
	Involuntary context switches: 163425
	Swaps: 0
	File system inputs: 264529728
	File system outputs: 228801616
	Socket messages sent: 0
	Socket messages received: 0
	Signals delivered: 0
	Page size (bytes): 4096
	Exit status: 0
