>> /home/alex/projects/cosmo/cosmo-build32 /home/alex/data/dsk_runs/chrom14_k16_t1_nocount.solid_kmers_binary -k 16 -m 2048 -dv -o /home/alex/data/ssd/
[STXXL-MSG] STXXL v1.4.99 (prerelease/Release) (git 052d8b31f26e77cea290d72da0b1e358f53a54dd) + gnu parallel(20151204)
[STXXL-MSG] Disk '/dev/sda' is allocated, space: 238475 MiB, I/O implementation: linuxaio autogrow=no devid=0 raw_device
[STXXL-MSG] Disk '/dev/sdb' is allocated, space: 238475 MiB, I/O implementation: linuxaio autogrow=no devid=1 raw_device
[STXXL-MSG] Disk '/dev/sdd' is allocated, space: 238475 MiB, I/O implementation: linuxaio autogrow=no devid=2 raw_device
[STXXL-MSG] Disk '/dev/sde' is allocated, space: 238475 MiB, I/O implementation: linuxaio autogrow=no devid=3 raw_device
[STXXL-MSG] In total 4 disks are allocated, space: 953900 MiB
[2016-06-26 16:30:58.147421] [0x2cc81800] [info]    /home/alex/data/dsk_runs/chrom14_k16_t1_nocount.solid_kmers_binary looks like a DSK1 file.
[2016-06-26 16:30:58.338855] [0x2cc81800] [trace]   Reading input and creating runs...
[STXXL-MSG] Set up an linuxaio queue with 64 entries.
[2016-06-26 16:32:15.453003] [0x2cc81800] [info]    Building from 1122868000 edges...
[2016-06-26 16:32:15.453036] [0x2cc81800] [trace]   Merging runs...
[2016-06-26 16:32:18.524233] [0x28b7d700] [trace]   Materializing table B...
[2016-06-26 16:32:20.154810] [0x2937e700] [trace]   Materializing table A...
[2016-06-26 16:33:03.584494] [0x2cc81800] [trace]   Searching for nodes requiring dummy edges...
[2016-06-26 16:34:10.620805] [0x2cc81800] [info]    # out dummies      : 2822521
[2016-06-26 16:34:10.620832] [0x2cc81800] [info]    # inc dummies      : 2822521
[2016-06-26 16:34:10.620838] [0x2cc81800] [info]    # inc dummy shifts : 14198234
[2016-06-26 16:34:10.620846] [0x2cc81800] [trace]   Sorting dummies...
[2016-06-26 16:34:11.500689] [0x2cc81800] [trace]   Materializing dummies...
[2016-06-26 16:34:12.225965] [0x2cc81800] [trace]   Merging in dummies...
[2016-06-26 16:37:17.458768] [0x2cc81800] [trace]   Building dBG...
[2016-06-26 16:39:45.492685] [0x2cc81800] [trace]   Done!
[2016-06-26 16:39:45.492766] [0x2cc81800] [info]    
STXXL I/O statistics
 total number of reads                      : 23788 (23.230 Ki) 
 average block size (read)                  : 2097152 (2.000 MiB) 
 number of bytes read from disks            : 49887051776 (46.461 GiB) 
 time spent in serving all read requests    : 651.374 s @ 73.0395 MiB/s
 time spent in reading (parallel read time) : 144.577 s @ 329.069 MiB/s
 total number of writes                     : 18454 (18.021 Ki) 
 average block size (write)                 : 2097152 (2.000 MiB) 
 number of bytes written to disks           : 38700843008 (36.043 GiB) 
 time spent in serving all write requests   : 1875.87 s @ 19.6752 MiB/s
 time spent in writing (parallel write time): 83.5364 s @ 441.82 MiB/s
 time spent in I/O (parallel I/O time)      : 176.864 s @ 477.679 MiB/s
 I/O wait time                              : 29.8019 s
 I/O wait4read time                         : 4.79829 s
 I/O wait4write time                        : 25.0036 s
 Time since the last reset                  : 527.403 s
 Peak disk allocs                           : 34272 MB
	Command being timed: "/home/alex/projects/cosmo/cosmo-build32 /home/alex/data/dsk_runs/chrom14_k16_t1_nocount.solid_kmers_binary -k 16 -m 2048 -dv -o /home/alex/data/ssd/"
	User time (seconds): 804.26
	System time (seconds): 27.38
	Percent of CPU this job got: 157%
	Elapsed (wall clock) time (h:mm:ss or m:ss): 8:47.48
	Average shared text size (kbytes): 0
	Average unshared data size (kbytes): 0
	Average stack size (kbytes): 0
	Average total size (kbytes): 0
	Maximum resident set size (kbytes): 2916616
	Average resident set size (kbytes): 0
	Major (requiring I/O) page faults: 27
	Minor (reclaiming a frame) page faults: 80146
	Voluntary context switches: 97617
	Involuntary context switches: 79928
	Swaps: 0
	File system inputs: 101864064
	File system outputs: 88168144
	Socket messages sent: 0
	Socket messages received: 0
	Signals delivered: 0
	Page size (bytes): 4096
	Exit status: 0
