>> /home/alex/projects/cosmo/cosmo-build64 /home/alex/data/dsk_runs/chrom14_k56_t1_nocount.solid_kmers_binary -k 56 -m 2048 -d -o /home/alex/data/ssd/
[STXXL-MSG] STXXL v1.4.99 (prerelease/Release) (git 052d8b31f26e77cea290d72da0b1e358f53a54dd) + gnu parallel(20151204)
[STXXL-MSG] Disk '/dev/sda' is allocated, space: 238475 MiB, I/O implementation: linuxaio autogrow=no devid=0 raw_device
[STXXL-MSG] Disk '/dev/sdb' is allocated, space: 238475 MiB, I/O implementation: linuxaio autogrow=no devid=1 raw_device
[STXXL-MSG] Disk '/dev/sdd' is allocated, space: 238475 MiB, I/O implementation: linuxaio autogrow=no devid=2 raw_device
[STXXL-MSG] Disk '/dev/sde' is allocated, space: 238475 MiB, I/O implementation: linuxaio autogrow=no devid=3 raw_device
[STXXL-MSG] In total 4 disks are allocated, space: 953900 MiB
[2016-05-12 03:56:08.384270] [0x41bee800] [info]    /home/alex/data/dsk_runs/chrom14_k56_t1_nocount.solid_kmers_binary looks like a DSK1 file.
[2016-05-12 03:56:08.601515] [0x41bee800] [trace]   Reading input and creating runs...
[STXXL-MSG] Set up an linuxaio queue with 64 entries.
[2016-05-12 03:58:06.707078] [0x41bee800] [info]    Building from 922890666 edges...
[2016-05-12 03:58:06.707114] [0x41bee800] [trace]   Merging runs...
[2016-05-12 03:58:08.869663] [0x3daed700] [trace]   Materializing table B...
[2016-05-12 03:58:10.469401] [0x3e2ee700] [trace]   Materializing table A...
[2016-05-12 03:59:28.611290] [0x41bee800] [trace]   Searching for nodes requiring dummy edges...
[2016-05-12 04:03:12.167634] [0x41bee800] [info]    # out dummies      : 16844660
[2016-05-12 04:03:12.167664] [0x41bee800] [info]    # inc dummies      : 16844660
[2016-05-12 04:03:12.167673] [0x41bee800] [info]    # inc dummy shifts : 711741962
[2016-05-12 04:03:12.167678] [0x41bee800] [trace]   Sorting dummies...
[2016-05-12 04:03:13.352194] [0x41bee800] [trace]   Materializing dummies...
[2016-05-12 04:04:13.057218] [0x41bee800] [trace]   Merging in dummies...
[2016-05-12 04:09:46.240959] [0x41bee800] [trace]   Building dBG...
[2016-05-12 04:10:33.503350] [0x41bee800] [trace]   Done!
[2016-05-12 04:10:33.503430] [0x41bee800] [info]    
STXXL I/O statistics
 total number of reads                      : 60589 (59.169 Ki) 
 average block size (read)                  : 2097152 (2.000 MiB) 
 number of bytes read from disks            : 127064342528 (118.338 GiB) 
 time spent in serving all read requests    : 1638.91 s @ 73.9382 MiB/s
 time spent in reading (parallel read time) : 391.911 s @ 309.198 MiB/s
 total number of writes                     : 50810 (49.619 Ki) 
 average block size (write)                 : 2097152 (2.000 MiB) 
 number of bytes written to disks           : 106556293120 (99.238 GiB) 
 time spent in serving all write requests   : 5323.54 s @ 19.0888 MiB/s
 time spent in writing (parallel write time): 221.14 s @ 459.529 MiB/s
 time spent in I/O (parallel I/O time)      : 476.495 s @ 467.577 MiB/s
 I/O wait time                              : 83.2273 s
 I/O wait4read time                         : 46.4328 s
 I/O wait4write time                        : 36.7945 s
 Time since the last reset                  : 865.119 s
 Peak disk allocs                           : 58044 MB
	Command being timed: "/home/alex/projects/cosmo/cosmo-build64 /home/alex/data/dsk_runs/chrom14_k56_t1_nocount.solid_kmers_binary -k 56 -m 2048 -d -o /home/alex/data/ssd/"
	User time (seconds): 1564.36
	System time (seconds): 56.60
	Percent of CPU this job got: 187%
	Elapsed (wall clock) time (h:mm:ss or m:ss): 14:25.16
	Average shared text size (kbytes): 0
	Average unshared data size (kbytes): 0
	Average stack size (kbytes): 0
	Average total size (kbytes): 0
	Maximum resident set size (kbytes): 3376580
	Average resident set size (kbytes): 0
	Major (requiring I/O) page faults: 0
	Minor (reclaiming a frame) page faults: 109962
	Voluntary context switches: 229346
	Involuntary context switches: 157529
	Swaps: 0
	File system inputs: 251379976
	File system outputs: 212191080
	Socket messages sent: 0
	Socket messages received: 0
	Signals delivered: 0
	Page size (bytes): 4096
	Exit status: 0
