>> /home/alex/projects/cosmo/cosmo-build32 /home/alex/data/dsk_runs/chrom14_k32_t1_nocount.solid_kmers_binary -k 32 -m 2048 -dv -o /home/alex/data/ssd/
[STXXL-MSG] STXXL v1.4.99 (prerelease/Release) (git 052d8b31f26e77cea290d72da0b1e358f53a54dd) + gnu parallel(20151204)
[STXXL-MSG] Disk '/dev/sda' is allocated, space: 238475 MiB, I/O implementation: linuxaio autogrow=no devid=0 raw_device
[STXXL-MSG] Disk '/dev/sdb' is allocated, space: 238475 MiB, I/O implementation: linuxaio autogrow=no devid=1 raw_device
[STXXL-MSG] Disk '/dev/sdd' is allocated, space: 238475 MiB, I/O implementation: linuxaio autogrow=no devid=2 raw_device
[STXXL-MSG] Disk '/dev/sde' is allocated, space: 238475 MiB, I/O implementation: linuxaio autogrow=no devid=3 raw_device
[STXXL-MSG] In total 4 disks are allocated, space: 953900 MiB
[2016-06-26 17:58:03.582522] [0x7f88b800] [info]    /home/alex/data/dsk_runs/chrom14_k32_t1_nocount.solid_kmers_binary looks like a DSK1 file.
[2016-06-26 17:58:03.774257] [0x7f88b800] [trace]   Reading input and creating runs...
[STXXL-MSG] Set up an linuxaio queue with 64 entries.
[2016-06-26 18:00:17.918184] [0x7f88b800] [info]    Building from 1902100300 edges...
[2016-06-26 18:00:17.918214] [0x7f88b800] [trace]   Merging runs...
[2016-06-26 18:00:19.554439] [0x7b787700] [trace]   Materializing table B...
[2016-06-26 18:00:21.128728] [0x7bf88700] [trace]   Materializing table A...
[2016-06-26 18:01:41.660116] [0x7f88b800] [trace]   Searching for nodes requiring dummy edges...
[2016-06-26 18:04:13.588939] [0x7f88b800] [info]    # out dummies      : 12480110
[2016-06-26 18:04:13.588966] [0x7f88b800] [info]    # inc dummies      : 12480110
[2016-06-26 18:04:13.588972] [0x7f88b800] [info]    # inc dummy shifts : 240414006
[2016-06-26 18:04:13.588980] [0x7f88b800] [trace]   Sorting dummies...
[2016-06-26 18:04:16.317038] [0x7f88b800] [trace]   Materializing dummies...
[2016-06-26 18:04:27.169408] [0x7f88b800] [trace]   Merging in dummies...
[2016-06-26 18:10:31.636165] [0x7f88b800] [trace]   Building dBG...
[2016-06-26 18:16:29.590108] [0x7f88b800] [trace]   Done!
[2016-06-26 18:16:29.590193] [0x7f88b800] [info]    
STXXL I/O statistics
 total number of reads                      : 43634 (42.611 Ki) 
 average block size (read)                  : 2097152 (2.000 MiB) 
 number of bytes read from disks            : 91507130368 (85.223 GiB) 
 time spent in serving all read requests    : 1295.46 s @ 67.3644 MiB/s
 time spent in reading (parallel read time) : 264.051 s @ 330.497 MiB/s
 total number of writes                     : 34798 (33.982 Ki) 
 average block size (write)                 : 2097152 (2.000 MiB) 
 number of bytes written to disks           : 72976695296 (67.965 GiB) 
 time spent in serving all write requests   : 3516.73 s @ 19.79 MiB/s
 time spent in writing (parallel write time): 156.791 s @ 443.879 MiB/s
 time spent in I/O (parallel I/O time)      : 332.774 s @ 471.384 MiB/s
 I/O wait time                              : 50.8312 s
 I/O wait4read time                         : 11.0102 s
 I/O wait4write time                        : 39.8211 s
 Time since the last reset                  : 1106.07 s
 Peak disk allocs                           : 58048 MB
	Command being timed: "/home/alex/projects/cosmo/cosmo-build32 /home/alex/data/dsk_runs/chrom14_k32_t1_nocount.solid_kmers_binary -k 32 -m 2048 -dv -o /home/alex/data/ssd/"
	User time (seconds): 1573.10
	System time (seconds): 52.46
	Percent of CPU this job got: 146%
	Elapsed (wall clock) time (h:mm:ss or m:ss): 18:27.00
	Average shared text size (kbytes): 0
	Average unshared data size (kbytes): 0
	Average stack size (kbytes): 0
	Average total size (kbytes): 0
	Maximum resident set size (kbytes): 3368436
	Average resident set size (kbytes): 0
	Major (requiring I/O) page faults: 27
	Minor (reclaiming a frame) page faults: 108378
	Voluntary context switches: 183790
	Involuntary context switches: 154194
	Swaps: 0
	File system inputs: 187119808
	File system outputs: 167938424
	Socket messages sent: 0
	Socket messages received: 0
	Signals delivered: 0
	Page size (bytes): 4096
	Exit status: 0
