>> /home/alex/projects/cosmo/cosmo-build64 /home/alex/data/dsk_runs/chrom14_k64_t1_nocount.solid_kmers_binary -k 64 -m 2048 -dv -o /home/alex/data/ssd/
[STXXL-MSG] STXXL v1.4.99 (prerelease/Release) (git 052d8b31f26e77cea290d72da0b1e358f53a54dd) + gnu parallel(20151204)
[STXXL-MSG] Disk '/dev/sda' is allocated, space: 238475 MiB, I/O implementation: linuxaio autogrow=no devid=0 raw_device
[STXXL-MSG] Disk '/dev/sdb' is allocated, space: 238475 MiB, I/O implementation: linuxaio autogrow=no devid=1 raw_device
[STXXL-MSG] Disk '/dev/sdd' is allocated, space: 238475 MiB, I/O implementation: linuxaio autogrow=no devid=2 raw_device
[STXXL-MSG] Disk '/dev/sde' is allocated, space: 238475 MiB, I/O implementation: linuxaio autogrow=no devid=3 raw_device
[STXXL-MSG] In total 4 disks are allocated, space: 953900 MiB
[2016-06-28 19:38:06.294066] [0x46108800] [info]    /home/alex/data/dsk_runs/chrom14_k64_t1_nocount.solid_kmers_binary looks like a DSK1 file.
[2016-06-28 19:38:06.480901] [0x46108800] [trace]   Reading input and creating runs...
[STXXL-MSG] Set up an linuxaio queue with 64 entries.
[2016-06-28 19:39:57.212387] [0x46108800] [info]    Building from 855309314 edges...
[2016-06-28 19:39:57.212425] [0x46108800] [trace]   Merging runs...
[2016-06-28 19:39:59.150132] [0x42004700] [trace]   Materializing table B...
[2016-06-28 19:40:00.946354] [0x42805700] [trace]   Materializing table A...
[2016-06-28 19:41:12.962637] [0x46108800] [trace]   Searching for nodes requiring dummy edges...
[2016-06-28 19:45:10.017026] [0x46108800] [info]    # out dummies      : 18173458
[2016-06-28 19:45:10.017057] [0x46108800] [info]    # inc dummies      : 18173458
[2016-06-28 19:45:10.017067] [0x46108800] [info]    # inc dummy shifts : 907569734
[2016-06-28 19:45:10.017075] [0x46108800] [trace]   Sorting dummies...
[2016-06-28 19:45:10.754660] [0x46108800] [trace]   Materializing dummies...
[2016-06-28 19:46:32.904896] [0x46108800] [trace]   Merging in dummies...
[2016-06-28 19:53:03.459055] [0x46108800] [trace]   Building dBG...
[2016-06-28 19:58:09.353209] [0x46108800] [trace]   Done!
[2016-06-28 19:58:09.353289] [0x46108800] [info]    
STXXL I/O statistics
 total number of reads                      : 63735 (62.241 Ki) 
 average block size (read)                  : 2097152 (2.000 MiB) 
 number of bytes read from disks            : 133661982720 (124.482 GiB) 
 time spent in serving all read requests    : 1631.01 s @ 78.154 MiB/s
 time spent in reading (parallel read time) : 424.872 s @ 300.02 MiB/s
 total number of writes                     : 55642 (54.338 Ki) 
 average block size (write)                 : 2097152 (2.000 MiB) 
 number of bytes written to disks           : 116689731584 (108.676 GiB) 
 time spent in serving all write requests   : 5741.86 s @ 19.3812 MiB/s
 time spent in writing (parallel write time): 244.881 s @ 454.441 MiB/s
 time spent in I/O (parallel I/O time)      : 520.519 s @ 458.685 MiB/s
 I/O wait time                              : 91.4638 s
 I/O wait4read time                         : 54.9719 s
 I/O wait4write time                        : 36.4919 s
 Time since the last reset                  : 1203.11 s
 Peak disk allocs                           : 68964 MB
	Command being timed: "/home/alex/projects/cosmo/cosmo-build64 /home/alex/data/dsk_runs/chrom14_k64_t1_nocount.solid_kmers_binary -k 64 -m 2048 -dv -o /home/alex/data/ssd/"
	User time (seconds): 1883.66
	System time (seconds): 68.74
	Percent of CPU this job got: 162%
	Elapsed (wall clock) time (h:mm:ss or m:ss): 20:03.22
	Average shared text size (kbytes): 0
	Average unshared data size (kbytes): 0
	Average stack size (kbytes): 0
	Average total size (kbytes): 0
	Maximum resident set size (kbytes): 3379500
	Average resident set size (kbytes): 0
	Major (requiring I/O) page faults: 27
	Minor (reclaiming a frame) page faults: 117465
	Voluntary context switches: 259029
	Involuntary context switches: 184463
	Swaps: 0
	File system inputs: 268008112
	File system outputs: 245721576
	Socket messages sent: 0
	Socket messages received: 0
	Signals delivered: 0
	Page size (bytes): 4096
	Exit status: 0
