>> /home/alex/projects/cosmo/cosmo-build64 /home/alex/data/dsk_runs/chrom14_k48_t1_nocount.solid_kmers_binary -k 48 -m 2048 -dv -o /home/alex/data/ssd/
[STXXL-MSG] STXXL v1.4.99 (prerelease/Release) (git 052d8b31f26e77cea290d72da0b1e358f53a54dd) + gnu parallel(20151204)
[STXXL-MSG] Disk '/dev/sda' is allocated, space: 238475 MiB, I/O implementation: linuxaio autogrow=no devid=0 raw_device
[STXXL-MSG] Disk '/dev/sdb' is allocated, space: 238475 MiB, I/O implementation: linuxaio autogrow=no devid=1 raw_device
[STXXL-MSG] Disk '/dev/sdd' is allocated, space: 238475 MiB, I/O implementation: linuxaio autogrow=no devid=2 raw_device
[STXXL-MSG] Disk '/dev/sde' is allocated, space: 238475 MiB, I/O implementation: linuxaio autogrow=no devid=3 raw_device
[STXXL-MSG] In total 4 disks are allocated, space: 953900 MiB
[2016-06-28 17:54:38.390557] [0xbe04a800] [info]    /home/alex/data/dsk_runs/chrom14_k48_t1_nocount.solid_kmers_binary looks like a DSK1 file.
[2016-06-28 17:54:38.579204] [0xbe04a800] [trace]   Reading input and creating runs...
[STXXL-MSG] Set up an linuxaio queue with 64 entries.
[2016-06-28 17:56:41.135770] [0xbe04a800] [info]    Building from 965329856 edges...
[2016-06-28 17:56:41.135823] [0xbe04a800] [trace]   Merging runs...
[2016-06-28 17:56:44.132013] [0xb9f46700] [trace]   Materializing table B...
[2016-06-28 17:56:46.066347] [0xba747700] [trace]   Materializing table A...
[2016-06-28 17:58:07.815440] [0xbe04a800] [trace]   Searching for nodes requiring dummy edges...
[2016-06-28 18:01:36.487021] [0xbe04a800] [info]    # out dummies      : 15681001
[2016-06-28 18:01:36.487050] [0xbe04a800] [info]    # inc dummies      : 15681001
[2016-06-28 18:01:36.487059] [0xbe04a800] [info]    # inc dummy shifts : 541576923
[2016-06-28 18:01:36.487064] [0xbe04a800] [trace]   Sorting dummies...
[2016-06-28 18:01:37.492513] [0xbe04a800] [trace]   Materializing dummies...
[2016-06-28 18:02:22.763931] [0xbe04a800] [trace]   Merging in dummies...
[2016-06-28 18:07:52.961196] [0xbe04a800] [trace]   Building dBG...
[2016-06-28 18:11:56.891578] [0xbe04a800] [trace]   Done!
[2016-06-28 18:11:56.891662] [0xbe04a800] [info]    
STXXL I/O statistics
 total number of reads                      : 57162 (55.822 Ki) 
 average block size (read)                  : 2097152 (2.000 MiB) 
 number of bytes read from disks            : 119877402624 (111.645 GiB) 
 time spent in serving all read requests    : 1652.54 s @ 69.1808 MiB/s
 time spent in reading (parallel read time) : 374.099 s @ 305.598 MiB/s
 total number of writes                     : 47562 (46.447 Ki) 
 average block size (write)                 : 2097152 (2.000 MiB) 
 number of bytes written to disks           : 99744743424 (92.895 GiB) 
 time spent in serving all write requests   : 4967.66 s @ 19.1487 MiB/s
 time spent in writing (parallel write time): 213.15 s @ 446.278 MiB/s
 time spent in I/O (parallel I/O time)      : 457.847 s @ 457.462 MiB/s
 I/O wait time                              : 85.1437 s
 I/O wait4read time                         : 38.2346 s
 I/O wait4write time                        : 46.9091 s
 Time since the last reset                  : 1038.56 s
 Peak disk allocs                           : 58920 MB
	Command being timed: "/home/alex/projects/cosmo/cosmo-build64 /home/alex/data/dsk_runs/chrom14_k48_t1_nocount.solid_kmers_binary -k 48 -m 2048 -dv -o /home/alex/data/ssd/"
	User time (seconds): 1659.47
	System time (seconds): 61.24
	Percent of CPU this job got: 165%
	Elapsed (wall clock) time (h:mm:ss or m:ss): 17:19.43
	Average shared text size (kbytes): 0
	Average unshared data size (kbytes): 0
	Average stack size (kbytes): 0
	Average total size (kbytes): 0
	Maximum resident set size (kbytes): 3379780
	Average resident set size (kbytes): 0
	Major (requiring I/O) page faults: 27
	Minor (reclaiming a frame) page faults: 89535
	Voluntary context switches: 227246
	Involuntary context switches: 166312
	Swaps: 0
	File system inputs: 240066232
	File system outputs: 209225760
	Socket messages sent: 0
	Socket messages received: 0
	Signals delivered: 0
	Page size (bytes): 4096
	Exit status: 0
