>> /home/alex/projects/cosmo/cosmo-build64 /home/alex/data/dsk_runs/chrom14_k48_t1_nocount.solid_kmers_binary -k 48 -m 2048 -d -o /home/alex/data/ssd/
[STXXL-MSG] STXXL v1.4.99 (prerelease/Release) (git 052d8b31f26e77cea290d72da0b1e358f53a54dd) + gnu parallel(20151204)
[STXXL-MSG] Disk '/dev/sda' is allocated, space: 238475 MiB, I/O implementation: linuxaio autogrow=no devid=0 raw_device
[STXXL-MSG] Disk '/dev/sdb' is allocated, space: 238475 MiB, I/O implementation: linuxaio autogrow=no devid=1 raw_device
[STXXL-MSG] Disk '/dev/sdd' is allocated, space: 238475 MiB, I/O implementation: linuxaio autogrow=no devid=2 raw_device
[STXXL-MSG] Disk '/dev/sde' is allocated, space: 238475 MiB, I/O implementation: linuxaio autogrow=no devid=3 raw_device
[STXXL-MSG] In total 4 disks are allocated, space: 953900 MiB
[2016-06-28 17:10:12.435542] [0x85297800] [info]    /home/alex/data/dsk_runs/chrom14_k48_t1_nocount.solid_kmers_binary looks like a DSK1 file.
[2016-06-28 17:10:12.625544] [0x85297800] [trace]   Reading input and creating runs...
[STXXL-MSG] Set up an linuxaio queue with 64 entries.
[2016-06-28 17:12:14.924930] [0x85297800] [info]    Building from 965329856 edges...
[2016-06-28 17:12:14.924980] [0x85297800] [trace]   Merging runs...
[2016-06-28 17:12:18.094290] [0x81193700] [trace]   Materializing table B...
[2016-06-28 17:12:19.939670] [0x81994700] [trace]   Materializing table A...
[2016-06-28 17:13:43.531503] [0x85297800] [trace]   Searching for nodes requiring dummy edges...
[2016-06-28 17:17:12.235766] [0x85297800] [info]    # out dummies      : 15681001
[2016-06-28 17:17:12.235795] [0x85297800] [info]    # inc dummies      : 15681001
[2016-06-28 17:17:12.235800] [0x85297800] [info]    # inc dummy shifts : 541576923
[2016-06-28 17:17:12.235808] [0x85297800] [trace]   Sorting dummies...
[2016-06-28 17:17:13.228684] [0x85297800] [trace]   Materializing dummies...
[2016-06-28 17:17:58.225617] [0x85297800] [trace]   Merging in dummies...
[2016-06-28 17:23:01.635090] [0x85297800] [trace]   Building dBG...
[2016-06-28 17:23:47.238268] [0x85297800] [trace]   Done!
[2016-06-28 17:23:47.238347] [0x85297800] [info]    
STXXL I/O statistics
 total number of reads                      : 57159 (55.819 Ki) 
 average block size (read)                  : 2097152 (2.000 MiB) 
 number of bytes read from disks            : 119871111168 (111.639 GiB) 
 time spent in serving all read requests    : 1623.01 s @ 70.4357 MiB/s
 time spent in reading (parallel read time) : 371.42 s @ 307.786 MiB/s
 total number of writes                     : 46835 (45.737 Ki) 
 average block size (write)                 : 2097152 (2.000 MiB) 
 number of bytes written to disks           : 98220113920 (91.475 GiB) 
 time spent in serving all write requests   : 4956.68 s @ 18.8977 MiB/s
 time spent in writing (parallel write time): 207.146 s @ 452.194 MiB/s
 time spent in I/O (parallel I/O time)      : 452.056 s @ 460.093 MiB/s
 I/O wait time                              : 79.3505 s
 I/O wait4read time                         : 38.0548 s
 I/O wait4write time                        : 41.2957 s
 Time since the last reset                  : 814.864 s
 Peak disk allocs                           : 58920 MB
	Command being timed: "/home/alex/projects/cosmo/cosmo-build64 /home/alex/data/dsk_runs/chrom14_k48_t1_nocount.solid_kmers_binary -k 48 -m 2048 -d -o /home/alex/data/ssd/"
	User time (seconds): 1467.17
	System time (seconds): 51.84
	Percent of CPU this job got: 186%
	Elapsed (wall clock) time (h:mm:ss or m:ss): 13:35.87
	Average shared text size (kbytes): 0
	Average unshared data size (kbytes): 0
	Average stack size (kbytes): 0
	Average total size (kbytes): 0
	Maximum resident set size (kbytes): 3382312
	Average resident set size (kbytes): 0
	Major (requiring I/O) page faults: 27
	Minor (reclaiming a frame) page faults: 113315
	Voluntary context switches: 215292
	Involuntary context switches: 149030
	Swaps: 0
	File system inputs: 237092152
	File system outputs: 195611960
	Socket messages sent: 0
	Socket messages received: 0
	Signals delivered: 0
	Page size (bytes): 4096
	Exit status: 0
