>> /home/alex/projects/cosmo/cosmo-build32 /home/alex/data/dsk_runs/ecoli_k28_t1_nocount.solid_kmers_binary -k 28 -m 2048 -d -o /home/alex/data/ssd/
[STXXL-MSG] STXXL v1.4.99 (prerelease/Release) (git 052d8b31f26e77cea290d72da0b1e358f53a54dd) + gnu parallel(20151204)
[STXXL-MSG] Disk '/dev/sda' is allocated, space: 238475 MiB, I/O implementation: linuxaio autogrow=no devid=0 raw_device
[STXXL-MSG] Disk '/dev/sdb' is allocated, space: 238475 MiB, I/O implementation: linuxaio autogrow=no devid=1 raw_device
[STXXL-MSG] Disk '/dev/sdd' is allocated, space: 238475 MiB, I/O implementation: linuxaio autogrow=no devid=2 raw_device
[STXXL-MSG] Disk '/dev/sde' is allocated, space: 238475 MiB, I/O implementation: linuxaio autogrow=no devid=3 raw_device
[STXXL-MSG] In total 4 disks are allocated, space: 953900 MiB
[2016-05-12 02:36:57.882303] [0xf30b9800] [info]    /home/alex/data/dsk_runs/ecoli_k28_t1_nocount.solid_kmers_binary looks like a DSK1 file.
[2016-05-12 02:36:58.069719] [0xf30b9800] [trace]   Reading input and creating runs...
[STXXL-MSG] Set up an linuxaio queue with 64 entries.
[2016-05-12 02:37:29.350617] [0xf30b9800] [info]    Building from 408197804 edges...
[2016-05-12 02:37:29.350647] [0xf30b9800] [trace]   Merging runs...
[2016-05-12 02:37:30.297324] [0xeefb8700] [trace]   Materializing table B...
[2016-05-12 02:37:31.983953] [0xef7b9700] [trace]   Materializing table A...
[2016-05-12 02:37:47.528064] [0xf30b9800] [trace]   Searching for nodes requiring dummy edges...
[2016-05-12 02:38:46.078029] [0xf30b9800] [info]    # out dummies      : 8332074
[2016-05-12 02:38:46.078059] [0xf30b9800] [info]    # inc dummies      : 8332074
[2016-05-12 02:38:46.078068] [0xf30b9800] [info]    # inc dummy shifts : 132015667
[2016-05-12 02:38:46.078073] [0xf30b9800] [trace]   Sorting dummies...
[2016-05-12 02:38:50.367753] [0xf30b9800] [trace]   Materializing dummies...
[2016-05-12 02:38:57.081242] [0xf30b9800] [trace]   Merging in dummies...
[2016-05-12 02:40:37.698656] [0xf30b9800] [trace]   Building dBG...
[2016-05-12 02:40:55.413389] [0xf30b9800] [trace]   Done!
[2016-05-12 02:40:55.413468] [0xf30b9800] [info]    
STXXL I/O statistics
 total number of reads                      : 10587 (10.339 Ki) 
 average block size (read)                  : 2097152 (2.000 MiB) 
 number of bytes read from disks            : 22202548224 (20.678 GiB) 
 time spent in serving all read requests    : 495.151 s @ 42.7628 MiB/s
 time spent in reading (parallel read time) : 69.5573 s @ 304.411 MiB/s
 total number of writes                     : 8542 (8.342 Ki) 
 average block size (write)                 : 2097152 (2.000 MiB) 
 number of bytes written to disks           : 17913872384 (16.684 GiB) 
 time spent in serving all write requests   : 867.768 s @ 19.6873 MiB/s
 time spent in writing (parallel write time): 35.3482 s @ 483.306 MiB/s
 time spent in I/O (parallel I/O time)      : 88.1482 s @ 434.019 MiB/s
 I/O wait time                              : 19.0189 s
 I/O wait4read time                         : 4.21199 s
 I/O wait4write time                        : 14.8069 s
 Time since the last reset                  : 237.557 s
 Peak disk allocs                           : 12464 MB
	Command being timed: "/home/alex/projects/cosmo/cosmo-build32 /home/alex/data/dsk_runs/ecoli_k28_t1_nocount.solid_kmers_binary -k 28 -m 2048 -d -o /home/alex/data/ssd/"
	User time (seconds): 393.74
	System time (seconds): 11.06
	Percent of CPU this job got: 170%
	Elapsed (wall clock) time (h:mm:ss or m:ss): 3:57.63
	Average shared text size (kbytes): 0
	Average unshared data size (kbytes): 0
	Average stack size (kbytes): 0
	Average total size (kbytes): 0
	Maximum resident set size (kbytes): 3328332
	Average resident set size (kbytes): 0
	Major (requiring I/O) page faults: 20
	Minor (reclaiming a frame) page faults: 40225
	Voluntary context switches: 41658
	Involuntary context switches: 38673
	Swaps: 0
	File system inputs: 44430944
	File system outputs: 36392568
	Socket messages sent: 0
	Socket messages received: 0
	Signals delivered: 0
	Page size (bytes): 4096
	Exit status: 0
