>> /home/alex/projects/cosmo/cosmo-build32 /home/alex/data/dsk_runs/ecoli_k28_t1_nocount.solid_kmers_binary -k 28 -m 2048 -d -o /home/alex/data/ssd/
[STXXL-MSG] STXXL v1.4.99 (prerelease/Release) (git 052d8b31f26e77cea290d72da0b1e358f53a54dd) + gnu parallel(20151204)
[STXXL-MSG] Disk '/dev/sda' is allocated, space: 238475 MiB, I/O implementation: linuxaio autogrow=no devid=0 raw_device
[STXXL-MSG] Disk '/dev/sdb' is allocated, space: 238475 MiB, I/O implementation: linuxaio autogrow=no devid=1 raw_device
[STXXL-MSG] Disk '/dev/sdd' is allocated, space: 238475 MiB, I/O implementation: linuxaio autogrow=no devid=2 raw_device
[STXXL-MSG] Disk '/dev/sde' is allocated, space: 238475 MiB, I/O implementation: linuxaio autogrow=no devid=3 raw_device
[STXXL-MSG] In total 4 disks are allocated, space: 953900 MiB
[2016-05-12 02:40:55.460430] [0x14015800] [info]    /home/alex/data/dsk_runs/ecoli_k28_t1_nocount.solid_kmers_binary looks like a DSK1 file.
[2016-05-12 02:40:55.663125] [0x14015800] [trace]   Reading input and creating runs...
[STXXL-MSG] Set up an linuxaio queue with 64 entries.
[2016-05-12 02:41:27.352615] [0x14015800] [info]    Building from 408197804 edges...
[2016-05-12 02:41:27.352649] [0x14015800] [trace]   Merging runs...
[2016-05-12 02:41:28.275889] [0x0ff14700] [trace]   Materializing table B...
[2016-05-12 02:41:29.990141] [0x10715700] [trace]   Materializing table A...
[2016-05-12 02:41:45.444639] [0x14015800] [trace]   Searching for nodes requiring dummy edges...
[2016-05-12 02:42:41.798939] [0x14015800] [info]    # out dummies      : 8332074
[2016-05-12 02:42:41.798967] [0x14015800] [info]    # inc dummies      : 8332074
[2016-05-12 02:42:41.798976] [0x14015800] [info]    # inc dummy shifts : 132015667
[2016-05-12 02:42:41.798981] [0x14015800] [trace]   Sorting dummies...
[2016-05-12 02:42:46.112260] [0x14015800] [trace]   Materializing dummies...
[2016-05-12 02:42:52.674500] [0x14015800] [trace]   Merging in dummies...
[2016-05-12 02:44:33.394693] [0x14015800] [trace]   Building dBG...
[2016-05-12 02:44:51.073416] [0x14015800] [trace]   Done!
[2016-05-12 02:44:51.073528] [0x14015800] [info]    
STXXL I/O statistics
 total number of reads                      : 10587 (10.339 Ki) 
 average block size (read)                  : 2097152 (2.000 MiB) 
 number of bytes read from disks            : 22202548224 (20.678 GiB) 
 time spent in serving all read requests    : 493.286 s @ 42.9244 MiB/s
 time spent in reading (parallel read time) : 68.6648 s @ 308.367 MiB/s
 total number of writes                     : 8542 (8.342 Ki) 
 average block size (write)                 : 2097152 (2.000 MiB) 
 number of bytes written to disks           : 17913872384 (16.684 GiB) 
 time spent in serving all write requests   : 866.811 s @ 19.709 MiB/s
 time spent in writing (parallel write time): 35.2217 s @ 485.042 MiB/s
 time spent in I/O (parallel I/O time)      : 87.2421 s @ 438.527 MiB/s
 I/O wait time                              : 18.5887 s
 I/O wait4read time                         : 4.14609 s
 I/O wait4write time                        : 14.4426 s
 Time since the last reset                  : 235.613 s
 Peak disk allocs                           : 12464 MB
	Command being timed: "/home/alex/projects/cosmo/cosmo-build32 /home/alex/data/dsk_runs/ecoli_k28_t1_nocount.solid_kmers_binary -k 28 -m 2048 -d -o /home/alex/data/ssd/"
	User time (seconds): 394.84
	System time (seconds): 10.99
	Percent of CPU this job got: 172%
	Elapsed (wall clock) time (h:mm:ss or m:ss): 3:55.65
	Average shared text size (kbytes): 0
	Average unshared data size (kbytes): 0
	Average stack size (kbytes): 0
	Average total size (kbytes): 0
	Maximum resident set size (kbytes): 3313908
	Average resident set size (kbytes): 0
	Major (requiring I/O) page faults: 0
	Minor (reclaiming a frame) page faults: 38628
	Voluntary context switches: 41906
	Involuntary context switches: 38360
	Swaps: 0
	File system inputs: 44425856
	File system outputs: 36392552
	Socket messages sent: 0
	Socket messages received: 0
	Signals delivered: 0
	Page size (bytes): 4096
	Exit status: 0
