>> /home/alex/projects/cosmo/cosmo-build32 /home/alex/data/dsk_runs/chrom14_k32_t1_nocount.solid_kmers_binary -k 32 -m 2048 -d -o /home/alex/data/ssd/
[STXXL-MSG] STXXL v1.4.99 (prerelease/Release) (git 052d8b31f26e77cea290d72da0b1e358f53a54dd) + gnu parallel(20151204)
[STXXL-MSG] Disk '/dev/sda' is allocated, space: 238475 MiB, I/O implementation: linuxaio autogrow=no devid=0 raw_device
[STXXL-MSG] Disk '/dev/sdb' is allocated, space: 238475 MiB, I/O implementation: linuxaio autogrow=no devid=1 raw_device
[STXXL-MSG] Disk '/dev/sdd' is allocated, space: 238475 MiB, I/O implementation: linuxaio autogrow=no devid=2 raw_device
[STXXL-MSG] Disk '/dev/sde' is allocated, space: 238475 MiB, I/O implementation: linuxaio autogrow=no devid=3 raw_device
[STXXL-MSG] In total 4 disks are allocated, space: 953900 MiB
[2016-06-26 17:12:18.925152] [0xaa3d1800] [info]    /home/alex/data/dsk_runs/chrom14_k32_t1_nocount.solid_kmers_binary looks like a DSK1 file.
[2016-06-26 17:12:19.116075] [0xaa3d1800] [trace]   Reading input and creating runs...
[STXXL-MSG] Set up an linuxaio queue with 64 entries.
[2016-06-26 17:14:34.443459] [0xaa3d1800] [info]    Building from 1902100300 edges...
[2016-06-26 17:14:34.443492] [0xaa3d1800] [trace]   Merging runs...
[2016-06-26 17:14:36.074523] [0xa62cd700] [trace]   Materializing table B...
[2016-06-26 17:14:37.638467] [0xa6ace700] [trace]   Materializing table A...
[2016-06-26 17:16:09.037749] [0xaa3d1800] [trace]   Searching for nodes requiring dummy edges...
[2016-06-26 17:18:41.341416] [0xaa3d1800] [info]    # out dummies      : 12480110
[2016-06-26 17:18:41.341444] [0xaa3d1800] [info]    # inc dummies      : 12480110
[2016-06-26 17:18:41.341453] [0xaa3d1800] [info]    # inc dummy shifts : 240414006
[2016-06-26 17:18:41.341458] [0xaa3d1800] [trace]   Sorting dummies...
[2016-06-26 17:18:44.069808] [0xaa3d1800] [trace]   Materializing dummies...
[2016-06-26 17:18:55.195117] [0xaa3d1800] [trace]   Merging in dummies...
[2016-06-26 17:24:31.828140] [0xaa3d1800] [trace]   Building dBG...
[2016-06-26 17:26:03.558361] [0xaa3d1800] [trace]   Done!
[2016-06-26 17:26:03.558441] [0xaa3d1800] [info]    
STXXL I/O statistics
 total number of reads                      : 43630 (42.607 Ki) 
 average block size (read)                  : 2097152 (2.000 MiB) 
 number of bytes read from disks            : 91498741760 (85.215 GiB) 
 time spent in serving all read requests    : 1273.45 s @ 68.5225 MiB/s
 time spent in reading (parallel read time) : 266.079 s @ 327.947 MiB/s
 total number of writes                     : 33770 (32.979 Ki) 
 average block size (write)                 : 2097152 (2.000 MiB) 
 number of bytes written to disks           : 70820823040 (65.957 GiB) 
 time spent in serving all write requests   : 3473.53 s @ 19.4442 MiB/s
 time spent in writing (parallel write time): 147.376 s @ 458.284 MiB/s
 time spent in I/O (parallel I/O time)      : 328.627 s @ 471.05 MiB/s
 I/O wait time                              : 49.656 s
 I/O wait4read time                         : 11.6817 s
 I/O wait4write time                        : 37.9743 s
 Time since the last reset                  : 824.688 s
 Peak disk allocs                           : 58048 MB
	Command being timed: "/home/alex/projects/cosmo/cosmo-build32 /home/alex/data/dsk_runs/chrom14_k32_t1_nocount.solid_kmers_binary -k 32 -m 2048 -d -o /home/alex/data/ssd/"
	User time (seconds): 1368.53
	System time (seconds): 40.97
	Percent of CPU this job got: 170%
	Elapsed (wall clock) time (h:mm:ss or m:ss): 13:45.24
	Average shared text size (kbytes): 0
	Average unshared data size (kbytes): 0
	Average stack size (kbytes): 0
	Average total size (kbytes): 0
	Maximum resident set size (kbytes): 3369412
	Average resident set size (kbytes): 0
	Major (requiring I/O) page faults: 27
	Minor (reclaiming a frame) page faults: 101505
	Voluntary context switches: 166898
	Involuntary context switches: 136061
	Swaps: 0
	File system inputs: 182910480
	File system outputs: 144344792
	Socket messages sent: 0
	Socket messages received: 0
	Signals delivered: 0
	Page size (bytes): 4096
	Exit status: 0
