>> /home/alex/projects/cosmo/cosmo-build64 /home/alex/data/dsk_runs/chrom14_k56_t1_nocount.solid_kmers_binary -k 56 -m 2048 -dv -o /home/alex/data/ssd/
[STXXL-MSG] STXXL v1.4.99 (prerelease/Release) (git 052d8b31f26e77cea290d72da0b1e358f53a54dd) + gnu parallel(20151204)
[STXXL-MSG] Disk '/dev/sda' is allocated, space: 238475 MiB, I/O implementation: linuxaio autogrow=no devid=0 raw_device
[STXXL-MSG] Disk '/dev/sdb' is allocated, space: 238475 MiB, I/O implementation: linuxaio autogrow=no devid=1 raw_device
[STXXL-MSG] Disk '/dev/sdd' is allocated, space: 238475 MiB, I/O implementation: linuxaio autogrow=no devid=2 raw_device
[STXXL-MSG] Disk '/dev/sde' is allocated, space: 238475 MiB, I/O implementation: linuxaio autogrow=no devid=3 raw_device
[STXXL-MSG] In total 4 disks are allocated, space: 953900 MiB
[2016-05-12 04:48:12.187880] [0xf59aa800] [info]    /home/alex/data/dsk_runs/chrom14_k56_t1_nocount.solid_kmers_binary looks like a DSK1 file.
[2016-05-12 04:48:12.406451] [0xf59aa800] [trace]   Reading input and creating runs...
[STXXL-MSG] Set up an linuxaio queue with 64 entries.
[2016-05-12 04:50:11.887680] [0xf59aa800] [info]    Building from 922890666 edges...
[2016-05-12 04:50:11.887714] [0xf59aa800] [trace]   Merging runs...
[2016-05-12 04:50:14.030723] [0xf18a9700] [trace]   Materializing table B...
[2016-05-12 04:50:15.658444] [0xf20aa700] [trace]   Materializing table A...
[2016-05-12 04:51:34.425405] [0xf59aa800] [trace]   Searching for nodes requiring dummy edges...
[2016-05-12 04:55:19.647260] [0xf59aa800] [info]    # out dummies      : 16844660
[2016-05-12 04:55:19.647292] [0xf59aa800] [info]    # inc dummies      : 16844660
[2016-05-12 04:55:19.647302] [0xf59aa800] [info]    # inc dummy shifts : 711741962
[2016-05-12 04:55:19.647309] [0xf59aa800] [trace]   Sorting dummies...
[2016-05-12 04:55:20.926055] [0xf59aa800] [trace]   Materializing dummies...
[2016-05-12 04:56:20.145958] [0xf59aa800] [trace]   Merging in dummies...
[2016-05-12 05:02:24.420343] [0xf59aa800] [trace]   Building dBG...
[2016-05-12 05:07:04.821769] [0xf59aa800] [trace]   Done!
[2016-05-12 05:07:04.821849] [0xf59aa800] [info]    
STXXL I/O statistics
 total number of reads                      : 60593 (59.173 Ki) 
 average block size (read)                  : 2097152 (2.000 MiB) 
 number of bytes read from disks            : 127072731136 (118.346 GiB) 
 time spent in serving all read requests    : 1650.55 s @ 73.4214 MiB/s
 time spent in reading (parallel read time) : 395.351 s @ 306.528 MiB/s
 total number of writes                     : 51598 (50.389 Ki) 
 average block size (write)                 : 2097152 (2.000 MiB) 
 number of bytes written to disks           : 108208848896 (100.777 GiB) 
 time spent in serving all write requests   : 5329.98 s @ 19.3614 MiB/s
 time spent in writing (parallel write time): 229.333 s @ 449.984 MiB/s
 time spent in I/O (parallel I/O time)      : 485.459 s @ 462.205 MiB/s
 I/O wait time                              : 85.3802 s
 I/O wait4read time                         : 47.6069 s
 I/O wait4write time                        : 37.7733 s
 Time since the last reset                  : 1132.63 s
 Peak disk allocs                           : 58044 MB
	Command being timed: "/home/alex/projects/cosmo/cosmo-build64 /home/alex/data/dsk_runs/chrom14_k56_t1_nocount.solid_kmers_binary -k 56 -m 2048 -dv -o /home/alex/data/ssd/"
	User time (seconds): 1789.13
	System time (seconds): 65.69
	Percent of CPU this job got: 163%
	Elapsed (wall clock) time (h:mm:ss or m:ss): 18:52.67
	Average shared text size (kbytes): 0
	Average unshared data size (kbytes): 0
	Average stack size (kbytes): 0
	Average total size (kbytes): 0
	Maximum resident set size (kbytes): 3381964
	Average resident set size (kbytes): 0
	Major (requiring I/O) page faults: 0
	Minor (reclaiming a frame) page faults: 100618
	Voluntary context switches: 243704
	Involuntary context switches: 201659
	Swaps: 0
	File system inputs: 254605704
	File system outputs: 227941848
	Socket messages sent: 0
	Socket messages received: 0
	Signals delivered: 0
	Page size (bytes): 4096
	Exit status: 0
