>> /home/alex/projects/cosmo/cosmo-build32 /home/alex/data/dsk_runs/chrom14_k32_t1_nocount.solid_kmers_binary -k 32 -m 2048 -dv -o /home/alex/data/ssd/
[STXXL-MSG] STXXL v1.4.99 (prerelease/Release) (git 052d8b31f26e77cea290d72da0b1e358f53a54dd) + gnu parallel(20151204)
[STXXL-MSG] Disk '/dev/sda' is allocated, space: 238475 MiB, I/O implementation: linuxaio autogrow=no devid=0 raw_device
[STXXL-MSG] Disk '/dev/sdb' is allocated, space: 238475 MiB, I/O implementation: linuxaio autogrow=no devid=1 raw_device
[STXXL-MSG] Disk '/dev/sdd' is allocated, space: 238475 MiB, I/O implementation: linuxaio autogrow=no devid=2 raw_device
[STXXL-MSG] Disk '/dev/sde' is allocated, space: 238475 MiB, I/O implementation: linuxaio autogrow=no devid=3 raw_device
[STXXL-MSG] In total 4 disks are allocated, space: 953900 MiB
[2016-06-26 18:16:30.875286] [0x4ff44800] [info]    /home/alex/data/dsk_runs/chrom14_k32_t1_nocount.solid_kmers_binary looks like a DSK1 file.
[2016-06-26 18:16:31.059885] [0x4ff44800] [trace]   Reading input and creating runs...
[STXXL-MSG] Set up an linuxaio queue with 64 entries.
[2016-06-26 18:18:44.858058] [0x4ff44800] [info]    Building from 1902100300 edges...
[2016-06-26 18:18:44.858087] [0x4ff44800] [trace]   Merging runs...
[2016-06-26 18:18:46.428625] [0x4be40700] [trace]   Materializing table B...
[2016-06-26 18:18:48.009343] [0x4c641700] [trace]   Materializing table A...
[2016-06-26 18:20:08.804490] [0x4ff44800] [trace]   Searching for nodes requiring dummy edges...
[2016-06-26 18:22:40.809431] [0x4ff44800] [info]    # out dummies      : 12480110
[2016-06-26 18:22:40.809459] [0x4ff44800] [info]    # inc dummies      : 12480110
[2016-06-26 18:22:40.809468] [0x4ff44800] [info]    # inc dummy shifts : 240414006
[2016-06-26 18:22:40.809473] [0x4ff44800] [trace]   Sorting dummies...
[2016-06-26 18:22:43.514234] [0x4ff44800] [trace]   Materializing dummies...
[2016-06-26 18:22:54.580224] [0x4ff44800] [trace]   Merging in dummies...
[2016-06-26 18:28:58.646542] [0x4ff44800] [trace]   Building dBG...
[2016-06-26 18:34:53.836778] [0x4ff44800] [trace]   Done!
[2016-06-26 18:34:53.836859] [0x4ff44800] [info]    
STXXL I/O statistics
 total number of reads                      : 43634 (42.611 Ki) 
 average block size (read)                  : 2097152 (2.000 MiB) 
 number of bytes read from disks            : 91507130368 (85.223 GiB) 
 time spent in serving all read requests    : 1344.33 s @ 64.9157 MiB/s
 time spent in reading (parallel read time) : 265.964 s @ 328.12 MiB/s
 total number of writes                     : 34798 (33.982 Ki) 
 average block size (write)                 : 2097152 (2.000 MiB) 
 number of bytes written to disks           : 72976695296 (67.965 GiB) 
 time spent in serving all write requests   : 3539.93 s @ 19.6603 MiB/s
 time spent in writing (parallel write time): 156.771 s @ 443.933 MiB/s
 time spent in I/O (parallel I/O time)      : 334.54 s @ 468.895 MiB/s
 I/O wait time                              : 56.2711 s
 I/O wait4read time                         : 11.8552 s
 I/O wait4write time                        : 44.4159 s
 Time since the last reset                  : 1103.02 s
 Peak disk allocs                           : 58048 MB
	Command being timed: "/home/alex/projects/cosmo/cosmo-build32 /home/alex/data/dsk_runs/chrom14_k32_t1_nocount.solid_kmers_binary -k 32 -m 2048 -dv -o /home/alex/data/ssd/"
	User time (seconds): 1567.33
	System time (seconds): 52.36
	Percent of CPU this job got: 146%
	Elapsed (wall clock) time (h:mm:ss or m:ss): 18:23.91
	Average shared text size (kbytes): 0
	Average unshared data size (kbytes): 0
	Average stack size (kbytes): 0
	Average total size (kbytes): 0
	Maximum resident set size (kbytes): 3374860
	Average resident set size (kbytes): 0
	Major (requiring I/O) page faults: 27
	Minor (reclaiming a frame) page faults: 103066
	Voluntary context switches: 183073
	Involuntary context switches: 153994
	Swaps: 0
	File system inputs: 187119880
	File system outputs: 167938424
	Socket messages sent: 0
	Socket messages received: 0
	Signals delivered: 0
	Page size (bytes): 4096
	Exit status: 0
