>> /home/alex/projects/cosmo/cosmo-build64 /home/alex/data/dsk_runs/chrom14_k56_t1_nocount.solid_kmers_binary -k 56 -m 2048 -dv -o /home/alex/data/ssd/
[STXXL-MSG] STXXL v1.4.99 (prerelease/Release) (git 052d8b31f26e77cea290d72da0b1e358f53a54dd) + gnu parallel(20151204)
[STXXL-MSG] Disk '/dev/sda' is allocated, space: 238475 MiB, I/O implementation: linuxaio autogrow=no devid=0 raw_device
[STXXL-MSG] Disk '/dev/sdb' is allocated, space: 238475 MiB, I/O implementation: linuxaio autogrow=no devid=1 raw_device
[STXXL-MSG] Disk '/dev/sdd' is allocated, space: 238475 MiB, I/O implementation: linuxaio autogrow=no devid=2 raw_device
[STXXL-MSG] Disk '/dev/sde' is allocated, space: 238475 MiB, I/O implementation: linuxaio autogrow=no devid=3 raw_device
[STXXL-MSG] In total 4 disks are allocated, space: 953900 MiB
[2016-05-12 04:29:16.963400] [0x8d8df800] [info]    /home/alex/data/dsk_runs/chrom14_k56_t1_nocount.solid_kmers_binary looks like a DSK1 file.
[2016-05-12 04:29:17.177198] [0x8d8df800] [trace]   Reading input and creating runs...
[STXXL-MSG] Set up an linuxaio queue with 64 entries.
[2016-05-12 04:31:19.240504] [0x8d8df800] [info]    Building from 922890666 edges...
[2016-05-12 04:31:19.240554] [0x8d8df800] [trace]   Merging runs...
[2016-05-12 04:31:21.295585] [0x897de700] [trace]   Materializing table B...
[2016-05-12 04:31:23.202298] [0x89fdf700] [trace]   Materializing table A...
[2016-05-12 04:32:41.340212] [0x8d8df800] [trace]   Searching for nodes requiring dummy edges...
[2016-05-12 04:36:26.312082] [0x8d8df800] [info]    # out dummies      : 16844660
[2016-05-12 04:36:26.312111] [0x8d8df800] [info]    # inc dummies      : 16844660
[2016-05-12 04:36:26.312117] [0x8d8df800] [info]    # inc dummy shifts : 711741962
[2016-05-12 04:36:26.312125] [0x8d8df800] [trace]   Sorting dummies...
[2016-05-12 04:36:27.588168] [0x8d8df800] [trace]   Materializing dummies...
[2016-05-12 04:37:27.331630] [0x8d8df800] [trace]   Merging in dummies...
[2016-05-12 04:43:27.423594] [0x8d8df800] [trace]   Building dBG...
[2016-05-12 04:48:12.147986] [0x8d8df800] [trace]   Done!
[2016-05-12 04:48:12.148069] [0x8d8df800] [info]    
STXXL I/O statistics
 total number of reads                      : 60593 (59.173 Ki) 
 average block size (read)                  : 2097152 (2.000 MiB) 
 number of bytes read from disks            : 127072731136 (118.346 GiB) 
 time spent in serving all read requests    : 1650.56 s @ 73.4211 MiB/s
 time spent in reading (parallel read time) : 394.707 s @ 307.027 MiB/s
 total number of writes                     : 51598 (50.389 Ki) 
 average block size (write)                 : 2097152 (2.000 MiB) 
 number of bytes written to disks           : 108208848896 (100.777 GiB) 
 time spent in serving all write requests   : 5326.88 s @ 19.3727 MiB/s
 time spent in writing (parallel write time): 228.165 s @ 452.286 MiB/s
 time spent in I/O (parallel I/O time)      : 484.551 s @ 463.072 MiB/s
 I/O wait time                              : 86.416 s
 I/O wait4read time                         : 48.9712 s
 I/O wait4write time                        : 37.4448 s
 Time since the last reset                  : 1135.19 s
 Peak disk allocs                           : 58044 MB
	Command being timed: "/home/alex/projects/cosmo/cosmo-build64 /home/alex/data/dsk_runs/chrom14_k56_t1_nocount.solid_kmers_binary -k 56 -m 2048 -dv -o /home/alex/data/ssd/"
	User time (seconds): 1785.06
	System time (seconds): 64.33
	Percent of CPU this job got: 162%
	Elapsed (wall clock) time (h:mm:ss or m:ss): 18:55.21
	Average shared text size (kbytes): 0
	Average unshared data size (kbytes): 0
	Average stack size (kbytes): 0
	Average total size (kbytes): 0
	Maximum resident set size (kbytes): 3379740
	Average resident set size (kbytes): 0
	Major (requiring I/O) page faults: 0
	Minor (reclaiming a frame) page faults: 129890
	Voluntary context switches: 243141
	Involuntary context switches: 201659
	Swaps: 0
	File system inputs: 254605704
	File system outputs: 227839456
	Socket messages sent: 0
	Socket messages received: 0
	Signals delivered: 0
	Page size (bytes): 4096
	Exit status: 0
