>> /home/alex/projects/cosmo/cosmo-build64 /home/alex/data/dsk_runs/chrom14_k56_t1_nocount.solid_kmers_binary -k 56 -m 2048 -dv -o /home/alex/data/ssd/
[STXXL-MSG] STXXL v1.4.99 (prerelease/Release) (git 052d8b31f26e77cea290d72da0b1e358f53a54dd) + gnu parallel(20151204)
[STXXL-MSG] Disk '/dev/sda' is allocated, space: 238475 MiB, I/O implementation: linuxaio autogrow=no devid=0 raw_device
[STXXL-MSG] Disk '/dev/sdb' is allocated, space: 238475 MiB, I/O implementation: linuxaio autogrow=no devid=1 raw_device
[STXXL-MSG] Disk '/dev/sdd' is allocated, space: 238475 MiB, I/O implementation: linuxaio autogrow=no devid=2 raw_device
[STXXL-MSG] Disk '/dev/sde' is allocated, space: 238475 MiB, I/O implementation: linuxaio autogrow=no devid=3 raw_device
[STXXL-MSG] In total 4 disks are allocated, space: 953900 MiB
[2016-05-12 04:10:33.553848] [0x1e76b800] [info]    /home/alex/data/dsk_runs/chrom14_k56_t1_nocount.solid_kmers_binary looks like a DSK1 file.
[2016-05-12 04:10:33.764068] [0x1e76b800] [trace]   Reading input and creating runs...
[STXXL-MSG] Set up an linuxaio queue with 64 entries.
[2016-05-12 04:12:32.059058] [0x1e76b800] [info]    Building from 922890666 edges...
[2016-05-12 04:12:32.059092] [0x1e76b800] [trace]   Merging runs...
[2016-05-12 04:12:34.227498] [0x1a66a700] [trace]   Materializing table B...
[2016-05-12 04:12:35.846355] [0x1ae6b700] [trace]   Materializing table A...
[2016-05-12 04:13:54.631480] [0x1e76b800] [trace]   Searching for nodes requiring dummy edges...
[2016-05-12 04:17:38.237977] [0x1e76b800] [info]    # out dummies      : 16844660
[2016-05-12 04:17:38.238004] [0x1e76b800] [info]    # inc dummies      : 16844660
[2016-05-12 04:17:38.238013] [0x1e76b800] [info]    # inc dummy shifts : 711741962
[2016-05-12 04:17:38.238018] [0x1e76b800] [trace]   Sorting dummies...
[2016-05-12 04:17:39.474327] [0x1e76b800] [trace]   Materializing dummies...
[2016-05-12 04:18:38.932099] [0x1e76b800] [trace]   Merging in dummies...
[2016-05-12 04:24:42.537686] [0x1e76b800] [trace]   Building dBG...
[2016-05-12 04:29:16.920928] [0x1e76b800] [trace]   Done!
[2016-05-12 04:29:16.921012] [0x1e76b800] [info]    
STXXL I/O statistics
 total number of reads                      : 60593 (59.173 Ki) 
 average block size (read)                  : 2097152 (2.000 MiB) 
 number of bytes read from disks            : 127072731136 (118.346 GiB) 
 time spent in serving all read requests    : 1650.58 s @ 73.4205 MiB/s
 time spent in reading (parallel read time) : 393.426 s @ 308.027 MiB/s
 total number of writes                     : 51598 (50.389 Ki) 
 average block size (write)                 : 2097152 (2.000 MiB) 
 number of bytes written to disks           : 108208848896 (100.777 GiB) 
 time spent in serving all write requests   : 5331.27 s @ 19.3567 MiB/s
 time spent in writing (parallel write time): 228.932 s @ 450.772 MiB/s
 time spent in I/O (parallel I/O time)      : 483.676 s @ 463.91 MiB/s
 I/O wait time                              : 85.1681 s
 I/O wait4read time                         : 46.432 s
 I/O wait4write time                        : 38.7361 s
 Time since the last reset                  : 1123.37 s
 Peak disk allocs                           : 58044 MB
	Command being timed: "/home/alex/projects/cosmo/cosmo-build64 /home/alex/data/dsk_runs/chrom14_k56_t1_nocount.solid_kmers_binary -k 56 -m 2048 -dv -o /home/alex/data/ssd/"
	User time (seconds): 1785.89
	System time (seconds): 64.88
	Percent of CPU this job got: 164%
	Elapsed (wall clock) time (h:mm:ss or m:ss): 18:43.40
	Average shared text size (kbytes): 0
	Average unshared data size (kbytes): 0
	Average stack size (kbytes): 0
	Average total size (kbytes): 0
	Maximum resident set size (kbytes): 3379936
	Average resident set size (kbytes): 0
	Major (requiring I/O) page faults: 0
	Minor (reclaiming a frame) page faults: 99786
	Voluntary context switches: 243187
	Involuntary context switches: 176334
	Swaps: 0
	File system inputs: 254605576
	File system outputs: 227666888
	Socket messages sent: 0
	Socket messages received: 0
	Signals delivered: 0
	Page size (bytes): 4096
	Exit status: 0
