>> /home/alex/projects/cosmo/cosmo-build64 /home/alex/data/dsk_runs/chrom14_k48_t1_nocount.solid_kmers_binary -k 48 -m 2048 -dv -o /home/alex/data/ssd/
[STXXL-MSG] STXXL v1.4.99 (prerelease/Release) (git 052d8b31f26e77cea290d72da0b1e358f53a54dd) + gnu parallel(20151204)
[STXXL-MSG] Disk '/dev/sda' is allocated, space: 238475 MiB, I/O implementation: linuxaio autogrow=no devid=0 raw_device
[STXXL-MSG] Disk '/dev/sdb' is allocated, space: 238475 MiB, I/O implementation: linuxaio autogrow=no devid=1 raw_device
[STXXL-MSG] Disk '/dev/sdd' is allocated, space: 238475 MiB, I/O implementation: linuxaio autogrow=no devid=2 raw_device
[STXXL-MSG] Disk '/dev/sde' is allocated, space: 238475 MiB, I/O implementation: linuxaio autogrow=no devid=3 raw_device
[STXXL-MSG] In total 4 disks are allocated, space: 953900 MiB
[2016-06-28 17:37:20.597778] [0xdf50a800] [info]    /home/alex/data/dsk_runs/chrom14_k48_t1_nocount.solid_kmers_binary looks like a DSK1 file.
[2016-06-28 17:37:20.783274] [0xdf50a800] [trace]   Reading input and creating runs...
[STXXL-MSG] Set up an linuxaio queue with 64 entries.
[2016-06-28 17:39:23.315430] [0xdf50a800] [info]    Building from 965329856 edges...
[2016-06-28 17:39:23.315465] [0xdf50a800] [trace]   Merging runs...
[2016-06-28 17:39:26.193073] [0xdb406700] [trace]   Materializing table B...
[2016-06-28 17:39:28.052560] [0xdbc07700] [trace]   Materializing table A...
[2016-06-28 17:40:49.586596] [0xdf50a800] [trace]   Searching for nodes requiring dummy edges...
[2016-06-28 17:44:18.292055] [0xdf50a800] [info]    # out dummies      : 15681001
[2016-06-28 17:44:18.292084] [0xdf50a800] [info]    # inc dummies      : 15681001
[2016-06-28 17:44:18.292105] [0xdf50a800] [info]    # inc dummy shifts : 541576923
[2016-06-28 17:44:18.292110] [0xdf50a800] [trace]   Sorting dummies...
[2016-06-28 17:44:19.168334] [0xdf50a800] [trace]   Materializing dummies...
[2016-06-28 17:45:04.672881] [0xdf50a800] [trace]   Merging in dummies...
[2016-06-28 17:50:33.214861] [0xdf50a800] [trace]   Building dBG...
[2016-06-28 17:54:32.844554] [0xdf50a800] [trace]   Done!
[2016-06-28 17:54:32.844634] [0xdf50a800] [info]    
STXXL I/O statistics
 total number of reads                      : 57162 (55.822 Ki) 
 average block size (read)                  : 2097152 (2.000 MiB) 
 number of bytes read from disks            : 119877402624 (111.645 GiB) 
 time spent in serving all read requests    : 1651.66 s @ 69.2178 MiB/s
 time spent in reading (parallel read time) : 373.557 s @ 306.042 MiB/s
 total number of writes                     : 47562 (46.447 Ki) 
 average block size (write)                 : 2097152 (2.000 MiB) 
 number of bytes written to disks           : 99744743424 (92.895 GiB) 
 time spent in serving all write requests   : 4974.63 s @ 19.1218 MiB/s
 time spent in writing (parallel write time): 214.003 s @ 444.498 MiB/s
 time spent in I/O (parallel I/O time)      : 457.709 s @ 457.601 MiB/s
 I/O wait time                              : 83.2379 s
 I/O wait4read time                         : 37.6989 s
 I/O wait4write time                        : 45.539 s
 Time since the last reset                  : 1032.31 s
 Peak disk allocs                           : 58920 MB
	Command being timed: "/home/alex/projects/cosmo/cosmo-build64 /home/alex/data/dsk_runs/chrom14_k48_t1_nocount.solid_kmers_binary -k 48 -m 2048 -dv -o /home/alex/data/ssd/"
	User time (seconds): 1660.42
	System time (seconds): 59.78
	Percent of CPU this job got: 166%
	Elapsed (wall clock) time (h:mm:ss or m:ss): 17:12.42
	Average shared text size (kbytes): 0
	Average unshared data size (kbytes): 0
	Average stack size (kbytes): 0
	Average total size (kbytes): 0
	Maximum resident set size (kbytes): 3382204
	Average resident set size (kbytes): 0
	Major (requiring I/O) page faults: 27
	Minor (reclaiming a frame) page faults: 88143
	Voluntary context switches: 227326
	Involuntary context switches: 166475
	Swaps: 0
	File system inputs: 240066464
	File system outputs: 209225760
	Socket messages sent: 0
	Socket messages received: 0
	Signals delivered: 0
	Page size (bytes): 4096
	Exit status: 0
