>> /home/alex/projects/cosmo/cosmo-build64 /home/alex/data/dsk_runs/chrom14_k64_t1_nocount.solid_kmers_binary -k 64 -m 2048 -d -o /home/alex/data/ssd/
[STXXL-MSG] STXXL v1.4.99 (prerelease/Release) (git 052d8b31f26e77cea290d72da0b1e358f53a54dd) + gnu parallel(20151204)
[STXXL-MSG] Disk '/dev/sda' is allocated, space: 238475 MiB, I/O implementation: linuxaio autogrow=no devid=0 raw_device
[STXXL-MSG] Disk '/dev/sdb' is allocated, space: 238475 MiB, I/O implementation: linuxaio autogrow=no devid=1 raw_device
[STXXL-MSG] Disk '/dev/sdd' is allocated, space: 238475 MiB, I/O implementation: linuxaio autogrow=no devid=2 raw_device
[STXXL-MSG] Disk '/dev/sde' is allocated, space: 238475 MiB, I/O implementation: linuxaio autogrow=no devid=3 raw_device
[STXXL-MSG] In total 4 disks are allocated, space: 953900 MiB
[2016-06-28 18:47:19.372129] [0xd5175800] [info]    /home/alex/data/dsk_runs/chrom14_k64_t1_nocount.solid_kmers_binary looks like a DSK1 file.
[2016-06-28 18:47:19.555658] [0xd5175800] [trace]   Reading input and creating runs...
[STXXL-MSG] Set up an linuxaio queue with 64 entries.
[2016-06-28 18:49:10.093294] [0xd5175800] [info]    Building from 855309314 edges...
[2016-06-28 18:49:10.093350] [0xd5175800] [trace]   Merging runs...
[2016-06-28 18:49:11.992120] [0xd1071700] [trace]   Materializing table B...
[2016-06-28 18:49:13.905519] [0xd1872700] [trace]   Materializing table A...
[2016-06-28 18:50:25.050248] [0xd5175800] [trace]   Searching for nodes requiring dummy edges...
[2016-06-28 18:54:22.004880] [0xd5175800] [info]    # out dummies      : 18173458
[2016-06-28 18:54:22.004910] [0xd5175800] [info]    # inc dummies      : 18173458
[2016-06-28 18:54:22.004916] [0xd5175800] [info]    # inc dummy shifts : 907569734
[2016-06-28 18:54:22.004924] [0xd5175800] [trace]   Sorting dummies...
[2016-06-28 18:54:22.721808] [0xd5175800] [trace]   Materializing dummies...
[2016-06-28 18:55:45.941461] [0xd5175800] [trace]   Merging in dummies...
[2016-06-28 19:01:47.057659] [0xd5175800] [trace]   Building dBG...
[2016-06-28 19:02:37.261368] [0xd5175800] [trace]   Done!
[2016-06-28 19:02:37.261446] [0xd5175800] [info]    
STXXL I/O statistics
 total number of reads                      : 63733 (62.239 Ki) 
 average block size (read)                  : 2097152 (2.000 MiB) 
 number of bytes read from disks            : 133657788416 (124.479 GiB) 
 time spent in serving all read requests    : 1630.34 s @ 78.1838 MiB/s
 time spent in reading (parallel read time) : 422.362 s @ 301.793 MiB/s
 total number of writes                     : 54792 (53.508 Ki) 
 average block size (write)                 : 2097152 (2.000 MiB) 
 number of bytes written to disks           : 114907152384 (107.016 GiB) 
 time spent in serving all write requests   : 5718.78 s @ 19.1621 MiB/s
 time spent in writing (parallel write time): 237.249 s @ 461.894 MiB/s
 time spent in I/O (parallel I/O time)      : 513.58 s @ 461.564 MiB/s
 I/O wait time                              : 88.8872 s
 I/O wait4read time                         : 54.8962 s
 I/O wait4write time                        : 33.9909 s
 Time since the last reset                  : 917.937 s
 Peak disk allocs                           : 68964 MB
	Command being timed: "/home/alex/projects/cosmo/cosmo-build64 /home/alex/data/dsk_runs/chrom14_k64_t1_nocount.solid_kmers_binary -k 64 -m 2048 -d -o /home/alex/data/ssd/"
	User time (seconds): 1643.99
	System time (seconds): 60.20
	Percent of CPU this job got: 185%
	Elapsed (wall clock) time (h:mm:ss or m:ss): 15:18.07
	Average shared text size (kbytes): 0
	Average unshared data size (kbytes): 0
	Average stack size (kbytes): 0
	Average total size (kbytes): 0
	Maximum resident set size (kbytes): 3380328
	Average resident set size (kbytes): 0
	Major (requiring I/O) page faults: 26
	Minor (reclaiming a frame) page faults: 132073
	Voluntary context switches: 244316
	Involuntary context switches: 164491
	Swaps: 0
	File system inputs: 264529192
	File system outputs: 228801616
	Socket messages sent: 0
	Socket messages received: 0
	Signals delivered: 0
	Page size (bytes): 4096
	Exit status: 0
