>> /home/alex/projects/cosmo/cosmo-build32 /home/alex/data/dsk_runs/chrom14_k16_t1_nocount.solid_kmers_binary -k 16 -m 2048 -dv -o /home/alex/data/ssd/
[STXXL-MSG] STXXL v1.4.99 (prerelease/Release) (git 052d8b31f26e77cea290d72da0b1e358f53a54dd) + gnu parallel(20151204)
[STXXL-MSG] Disk '/dev/sda' is allocated, space: 238475 MiB, I/O implementation: linuxaio autogrow=no devid=0 raw_device
[STXXL-MSG] Disk '/dev/sdb' is allocated, space: 238475 MiB, I/O implementation: linuxaio autogrow=no devid=1 raw_device
[STXXL-MSG] Disk '/dev/sdd' is allocated, space: 238475 MiB, I/O implementation: linuxaio autogrow=no devid=2 raw_device
[STXXL-MSG] Disk '/dev/sde' is allocated, space: 238475 MiB, I/O implementation: linuxaio autogrow=no devid=3 raw_device
[STXXL-MSG] In total 4 disks are allocated, space: 953900 MiB
[2016-06-26 16:48:37.232099] [0x57790800] [info]    /home/alex/data/dsk_runs/chrom14_k16_t1_nocount.solid_kmers_binary looks like a DSK1 file.
[2016-06-26 16:48:37.420183] [0x57790800] [trace]   Reading input and creating runs...
[STXXL-MSG] Set up an linuxaio queue with 64 entries.
[2016-06-26 16:50:26.009240] [0x57790800] [info]    Building from 1122868000 edges...
[2016-06-26 16:50:26.009261] [0x57790800] [trace]   Merging runs...
[2016-06-26 16:50:29.098737] [0x5368c700] [trace]   Materializing table B...
[2016-06-26 16:50:30.671437] [0x53e8d700] [trace]   Materializing table A...
[2016-06-26 16:51:13.961438] [0x57790800] [trace]   Searching for nodes requiring dummy edges...
[2016-06-26 16:52:20.888081] [0x57790800] [info]    # out dummies      : 2822521
[2016-06-26 16:52:20.888110] [0x57790800] [info]    # inc dummies      : 2822521
[2016-06-26 16:52:20.888116] [0x57790800] [info]    # inc dummy shifts : 14198234
[2016-06-26 16:52:20.888124] [0x57790800] [trace]   Sorting dummies...
[2016-06-26 16:52:21.797314] [0x57790800] [trace]   Materializing dummies...
[2016-06-26 16:52:22.529135] [0x57790800] [trace]   Merging in dummies...
[2016-06-26 16:55:27.643349] [0x57790800] [trace]   Building dBG...
[2016-06-26 16:58:00.445831] [0x57790800] [trace]   Done!
[2016-06-26 16:58:00.445912] [0x57790800] [info]    
STXXL I/O statistics
 total number of reads                      : 23788 (23.230 Ki) 
 average block size (read)                  : 2097152 (2.000 MiB) 
 number of bytes read from disks            : 49887051776 (46.461 GiB) 
 time spent in serving all read requests    : 653.945 s @ 72.7523 MiB/s
 time spent in reading (parallel read time) : 144.122 s @ 330.108 MiB/s
 total number of writes                     : 18454 (18.021 Ki) 
 average block size (write)                 : 2097152 (2.000 MiB) 
 number of bytes written to disks           : 38700843008 (36.043 GiB) 
 time spent in serving all write requests   : 1874.14 s @ 19.6933 MiB/s
 time spent in writing (parallel write time): 83.0893 s @ 444.197 MiB/s
 time spent in I/O (parallel I/O time)      : 176.352 s @ 479.064 MiB/s
 I/O wait time                              : 30.8255 s
 I/O wait4read time                         : 4.7727 s
 I/O wait4write time                        : 26.0528 s
 Time since the last reset                  : 563.271 s
 Peak disk allocs                           : 34272 MB
	Command being timed: "/home/alex/projects/cosmo/cosmo-build32 /home/alex/data/dsk_runs/chrom14_k16_t1_nocount.solid_kmers_binary -k 16 -m 2048 -dv -o /home/alex/data/ssd/"
	User time (seconds): 803.08
	System time (seconds): 27.12
	Percent of CPU this job got: 147%
	Elapsed (wall clock) time (h:mm:ss or m:ss): 9:24.19
	Average shared text size (kbytes): 0
	Average unshared data size (kbytes): 0
	Average stack size (kbytes): 0
	Average total size (kbytes): 0
	Maximum resident set size (kbytes): 2917804
	Average resident set size (kbytes): 0
	Major (requiring I/O) page faults: 27
	Minor (reclaiming a frame) page faults: 80935
	Voluntary context switches: 97930
	Involuntary context switches: 79943
	Swaps: 0
	File system inputs: 101864096
	File system outputs: 88291024
	Socket messages sent: 0
	Socket messages received: 0
	Signals delivered: 0
	Page size (bytes): 4096
	Exit status: 0
