>> /home/alex/projects/cosmo/cosmo-build32 /home/alex/data/dsk_runs/chrom14_k16_t1_nocount.solid_kmers_binary -k 16 -m 2048 -d -o /home/alex/data/ssd/
[STXXL-MSG] STXXL v1.4.99 (prerelease/Release) (git 052d8b31f26e77cea290d72da0b1e358f53a54dd) + gnu parallel(20151204)
[STXXL-MSG] Disk '/dev/sda' is allocated, space: 238475 MiB, I/O implementation: linuxaio autogrow=no devid=0 raw_device
[STXXL-MSG] Disk '/dev/sdb' is allocated, space: 238475 MiB, I/O implementation: linuxaio autogrow=no devid=1 raw_device
[STXXL-MSG] Disk '/dev/sdd' is allocated, space: 238475 MiB, I/O implementation: linuxaio autogrow=no devid=2 raw_device
[STXXL-MSG] Disk '/dev/sde' is allocated, space: 238475 MiB, I/O implementation: linuxaio autogrow=no devid=3 raw_device
[STXXL-MSG] In total 4 disks are allocated, space: 953900 MiB
[2016-06-26 16:17:11.133014] [0x302dc800] [info]    /home/alex/data/dsk_runs/chrom14_k16_t1_nocount.solid_kmers_binary looks like a DSK1 file.
[2016-06-26 16:17:11.323248] [0x302dc800] [trace]   Reading input and creating runs...
[STXXL-MSG] Set up an linuxaio queue with 64 entries.
[2016-06-26 16:18:28.470754] [0x302dc800] [info]    Building from 1122868000 edges...
[2016-06-26 16:18:28.470804] [0x302dc800] [trace]   Merging runs...
[2016-06-26 16:18:31.611256] [0x2c1d8700] [trace]   Materializing table B...
[2016-06-26 16:18:33.169054] [0x2c9d9700] [trace]   Materializing table A...
[2016-06-26 16:19:16.452055] [0x302dc800] [trace]   Searching for nodes requiring dummy edges...
[2016-06-26 16:20:23.534360] [0x302dc800] [info]    # out dummies      : 2822521
[2016-06-26 16:20:23.534388] [0x302dc800] [info]    # inc dummies      : 2822521
[2016-06-26 16:20:23.534393] [0x302dc800] [info]    # inc dummy shifts : 14198234
[2016-06-26 16:20:23.534402] [0x302dc800] [trace]   Sorting dummies...
[2016-06-26 16:20:24.413833] [0x302dc800] [trace]   Materializing dummies...
[2016-06-26 16:20:25.147996] [0x302dc800] [trace]   Merging in dummies...
[2016-06-26 16:23:14.803682] [0x302dc800] [trace]   Building dBG...
[2016-06-26 16:24:03.044450] [0x302dc800] [trace]   Done!
[2016-06-26 16:24:03.044528] [0x302dc800] [info]    
STXXL I/O statistics
 total number of reads                      : 23784 (23.227 Ki) 
 average block size (read)                  : 2097152 (2.000 MiB) 
 number of bytes read from disks            : 49878663168 (46.453 GiB) 
 time spent in serving all read requests    : 648.568 s @ 73.3431 MiB/s
 time spent in reading (parallel read time) : 144.878 s @ 328.331 MiB/s
 total number of writes                     : 17910 (17.490 Ki) 
 average block size (write)                 : 2097152 (2.000 MiB) 
 number of bytes written to disks           : 37559992320 (34.980 GiB) 
 time spent in serving all write requests   : 1870.3 s @ 19.152 MiB/s
 time spent in writing (parallel write time): 77.3418 s @ 463.139 MiB/s
 time spent in I/O (parallel I/O time)      : 172.124 s @ 484.465 MiB/s
 I/O wait time                              : 29.6109 s
 I/O wait4read time                         : 4.67301 s
 I/O wait4write time                        : 24.9379 s
 Time since the last reset                  : 411.974 s
 Peak disk allocs                           : 34272 MB
	Command being timed: "/home/alex/projects/cosmo/cosmo-build32 /home/alex/data/dsk_runs/chrom14_k16_t1_nocount.solid_kmers_binary -k 16 -m 2048 -d -o /home/alex/data/ssd/"
	User time (seconds): 699.92
	System time (seconds): 22.58
	Percent of CPU this job got: 174%
	Elapsed (wall clock) time (h:mm:ss or m:ss): 6:53.16
	Average shared text size (kbytes): 0
	Average unshared data size (kbytes): 0
	Average stack size (kbytes): 0
	Average total size (kbytes): 0
	Maximum resident set size (kbytes): 2921156
	Average resident set size (kbytes): 0
	Major (requiring I/O) page faults: 27
	Minor (reclaiming a frame) page faults: 77379
	Voluntary context switches: 88704
	Involuntary context switches: 70616
	Swaps: 0
	File system inputs: 99637464
	File system outputs: 76782968
	Socket messages sent: 0
	Socket messages received: 0
	Signals delivered: 0
	Page size (bytes): 4096
	Exit status: 0
