>> /home/alex/projects/cosmo/cosmo-build64 /home/alex/data/dsk_runs/chrom14_k48_t1_nocount.solid_kmers_binary -k 48 -m 2048 -dv -o /home/alex/data/ssd/
[STXXL-MSG] STXXL v1.4.99 (prerelease/Release) (git 052d8b31f26e77cea290d72da0b1e358f53a54dd) + gnu parallel(20151204)
[STXXL-MSG] Disk '/dev/sda' is allocated, space: 238475 MiB, I/O implementation: linuxaio autogrow=no devid=0 raw_device
[STXXL-MSG] Disk '/dev/sdb' is allocated, space: 238475 MiB, I/O implementation: linuxaio autogrow=no devid=1 raw_device
[STXXL-MSG] Disk '/dev/sdd' is allocated, space: 238475 MiB, I/O implementation: linuxaio autogrow=no devid=2 raw_device
[STXXL-MSG] Disk '/dev/sde' is allocated, space: 238475 MiB, I/O implementation: linuxaio autogrow=no devid=3 raw_device
[STXXL-MSG] In total 4 disks are allocated, space: 953900 MiB
[2016-06-28 18:11:58.150035] [0x19e46800] [info]    /home/alex/data/dsk_runs/chrom14_k48_t1_nocount.solid_kmers_binary looks like a DSK1 file.
[2016-06-28 18:11:58.338846] [0x19e46800] [trace]   Reading input and creating runs...
[STXXL-MSG] Set up an linuxaio queue with 64 entries.
[2016-06-28 18:14:00.806363] [0x19e46800] [info]    Building from 965329856 edges...
[2016-06-28 18:14:00.806396] [0x19e46800] [trace]   Merging runs...
[2016-06-28 18:14:03.780224] [0x15d42700] [trace]   Materializing table B...
[2016-06-28 18:14:05.716717] [0x16543700] [trace]   Materializing table A...
[2016-06-28 18:15:26.933650] [0x19e46800] [trace]   Searching for nodes requiring dummy edges...
[2016-06-28 18:18:55.664851] [0x19e46800] [info]    # out dummies      : 15681001
[2016-06-28 18:18:55.664880] [0x19e46800] [info]    # inc dummies      : 15681001
[2016-06-28 18:18:55.664886] [0x19e46800] [info]    # inc dummy shifts : 541576923
[2016-06-28 18:18:55.664894] [0x19e46800] [trace]   Sorting dummies...
[2016-06-28 18:18:56.545386] [0x19e46800] [trace]   Materializing dummies...
[2016-06-28 18:19:41.694678] [0x19e46800] [trace]   Merging in dummies...
[2016-06-28 18:25:10.853765] [0x19e46800] [trace]   Building dBG...
[2016-06-28 18:29:15.882397] [0x19e46800] [trace]   Done!
[2016-06-28 18:29:15.882479] [0x19e46800] [info]    
STXXL I/O statistics
 total number of reads                      : 57162 (55.822 Ki) 
 average block size (read)                  : 2097152 (2.000 MiB) 
 number of bytes read from disks            : 119877402624 (111.645 GiB) 
 time spent in serving all read requests    : 1628.59 s @ 70.1983 MiB/s
 time spent in reading (parallel read time) : 373.323 s @ 306.233 MiB/s
 total number of writes                     : 47562 (46.447 Ki) 
 average block size (write)                 : 2097152 (2.000 MiB) 
 number of bytes written to disks           : 99744743424 (92.895 GiB) 
 time spent in serving all write requests   : 4967.77 s @ 19.1482 MiB/s
 time spent in writing (parallel write time): 212.413 s @ 447.827 MiB/s
 time spent in I/O (parallel I/O time)      : 456.285 s @ 459.029 MiB/s
 I/O wait time                              : 82.6425 s
 I/O wait4read time                         : 37.9075 s
 I/O wait4write time                        : 44.735 s
 Time since the last reset                  : 1037.79 s
 Peak disk allocs                           : 58920 MB
	Command being timed: "/home/alex/projects/cosmo/cosmo-build64 /home/alex/data/dsk_runs/chrom14_k48_t1_nocount.solid_kmers_binary -k 48 -m 2048 -dv -o /home/alex/data/ssd/"
	User time (seconds): 1659.53
	System time (seconds): 60.11
	Percent of CPU this job got: 165%
	Elapsed (wall clock) time (h:mm:ss or m:ss): 17:19.20
	Average shared text size (kbytes): 0
	Average unshared data size (kbytes): 0
	Average stack size (kbytes): 0
	Average total size (kbytes): 0
	Maximum resident set size (kbytes): 3381144
	Average resident set size (kbytes): 0
	Major (requiring I/O) page faults: 27
	Minor (reclaiming a frame) page faults: 91835
	Voluntary context switches: 226205
	Involuntary context switches: 166647
	Swaps: 0
	File system inputs: 240066576
	File system outputs: 210393128
	Socket messages sent: 0
	Socket messages received: 0
	Signals delivered: 0
	Page size (bytes): 4096
	Exit status: 0
