>> /home/alex/projects/cosmo/cosmo-build64 /home/alex/data/dsk_runs/human_k56_t2_nocount.solid_kmers_binary -k 56 -m 2048 -dv -o /home/alex/data/ssd/
[STXXL-MSG] STXXL v1.4.99 (prerelease/Release) (git 052d8b31f26e77cea290d72da0b1e358f53a54dd) + gnu parallel(20151204)
[STXXL-MSG] Disk '/dev/sda' is allocated, space: 238475 MiB, I/O implementation: linuxaio autogrow=no devid=0 raw_device
[STXXL-MSG] Disk '/dev/sdb' is allocated, space: 238475 MiB, I/O implementation: linuxaio autogrow=no devid=1 raw_device
[STXXL-MSG] Disk '/dev/sdd' is allocated, space: 238475 MiB, I/O implementation: linuxaio autogrow=no devid=2 raw_device
[STXXL-MSG] Disk '/dev/sde' is allocated, space: 238475 MiB, I/O implementation: linuxaio autogrow=no devid=3 raw_device
[STXXL-MSG] In total 4 disks are allocated, space: 953900 MiB
[2016-05-12 11:12:41.129909] [0x17d4c800] [info]    /home/alex/data/dsk_runs/human_k56_t2_nocount.solid_kmers_binary looks like a DSK1 file.
[2016-05-12 11:12:41.315211] [0x17d4c800] [trace]   Reading input and creating runs...
[STXXL-MSG] Set up an linuxaio queue with 64 entries.
[2016-05-12 11:20:24.449180] [0x17d4c800] [info]    Building from 3589045908 edges...
[2016-05-12 11:20:24.449218] [0x17d4c800] [trace]   Merging runs...
[2016-05-12 11:20:28.700991] [0x13c4b700] [trace]   Materializing table B...
[2016-05-12 11:20:30.166826] [0x1444c700] [trace]   Materializing table A...
[2016-05-12 11:27:28.928553] [0x17d4c800] [trace]   Searching for nodes requiring dummy edges...
[2016-05-12 11:42:51.680395] [0x17d4c800] [info]    # out dummies      : 80435584
[2016-05-12 11:42:51.680426] [0x17d4c800] [info]    # inc dummies      : 80435584
[2016-05-12 11:42:51.680435] [0x17d4c800] [info]    # inc dummy shifts : 3235922845
[2016-05-12 11:42:51.680440] [0x17d4c800] [trace]   Sorting dummies...
[2016-05-12 11:42:54.219610] [0x17d4c800] [trace]   Materializing dummies...
[2016-05-12 11:48:36.865808] [0x17d4c800] [trace]   Merging in dummies...
[2016-05-12 12:13:48.698497] [0x17d4c800] [trace]   Building dBG...
[2016-05-12 12:36:31.980288] [0x17d4c800] [trace]   Done!
[2016-05-12 12:36:31.987185] [0x17d4c800] [info]    
STXXL I/O statistics
 total number of reads                      : 249979 (244.120 Ki) 
 average block size (read)                  : 2097152 (2.000 MiB) 
 number of bytes read from disks            : 524243959808 (488.240 GiB) 
 time spent in serving all read requests    : 8635.53 s @ 57.8955 MiB/s
 time spent in reading (parallel read time) : 1649.96 s @ 303.012 MiB/s
 total number of writes                     : 215488 (210.438 Ki) 
 average block size (write)                 : 2097152 (2.000 MiB) 
 number of bytes written to disks           : 451911090176 (420.875 GiB) 
 time spent in serving all write requests   : 21848.8 s @ 19.7254 MiB/s
 time spent in writing (parallel write time): 949.348 s @ 453.97 MiB/s
 time spent in I/O (parallel I/O time)      : 2096.92 s @ 443.954 MiB/s
 I/O wait time                              : 361.7 s
 I/O wait4read time                         : 187.536 s
 I/O wait4write time                        : 174.164 s
 Time since the last reset                  : 5030.87 s
 Peak disk allocs                           : 254326 MB
	Command being timed: "/home/alex/projects/cosmo/cosmo-build64 /home/alex/data/dsk_runs/human_k56_t2_nocount.solid_kmers_binary -k 56 -m 2048 -dv -o /home/alex/data/ssd/"
	User time (seconds): 7620.80
	System time (seconds): 269.99
	Percent of CPU this job got: 156%
	Elapsed (wall clock) time (h:mm:ss or m:ss): 1:23:51
	Average shared text size (kbytes): 0
	Average unshared data size (kbytes): 0
	Average stack size (kbytes): 0
	Average total size (kbytes): 0
	Maximum resident set size (kbytes): 9795064
	Average resident set size (kbytes): 0
	Major (requiring I/O) page faults: 150
	Minor (reclaiming a frame) page faults: 818866
	Voluntary context switches: 1033829
	Involuntary context switches: 852657
	Swaps: 0
	File system inputs: 1055003656
	File system outputs: 959545392
	Socket messages sent: 0
	Socket messages received: 0
	Signals delivered: 0
	Page size (bytes): 4096
	Exit status: 0
