>> /home/alex/projects/cosmo/cosmo-build64 /home/alex/data/dsk_runs/human_k56_t2_nocount.solid_kmers_binary -k 56 -m 2048 -d -o /home/alex/data/ssd/
[STXXL-MSG] STXXL v1.4.99 (prerelease/Release) (git 052d8b31f26e77cea290d72da0b1e358f53a54dd) + gnu parallel(20151204)
[STXXL-MSG] Disk '/dev/sda' is allocated, space: 238475 MiB, I/O implementation: linuxaio autogrow=no devid=0 raw_device
[STXXL-MSG] Disk '/dev/sdb' is allocated, space: 238475 MiB, I/O implementation: linuxaio autogrow=no devid=1 raw_device
[STXXL-MSG] Disk '/dev/sdd' is allocated, space: 238475 MiB, I/O implementation: linuxaio autogrow=no devid=2 raw_device
[STXXL-MSG] Disk '/dev/sde' is allocated, space: 238475 MiB, I/O implementation: linuxaio autogrow=no devid=3 raw_device
[STXXL-MSG] In total 4 disks are allocated, space: 953900 MiB
[2016-05-12 06:13:36.767262] [0x40297800] [info]    /home/alex/data/dsk_runs/human_k56_t2_nocount.solid_kmers_binary looks like a DSK1 file.
[2016-05-12 06:13:36.954232] [0x40297800] [trace]   Reading input and creating runs...
[STXXL-MSG] Set up an linuxaio queue with 64 entries.
[2016-05-12 06:21:21.172654] [0x40297800] [info]    Building from 3589045908 edges...
[2016-05-12 06:21:21.172690] [0x40297800] [trace]   Merging runs...
[2016-05-12 06:21:25.266537] [0x3c196700] [trace]   Materializing table B...
[2016-05-12 06:21:26.878164] [0x3c997700] [trace]   Materializing table A...
[2016-05-12 06:28:42.345139] [0x40297800] [trace]   Searching for nodes requiring dummy edges...
[2016-05-12 06:44:03.919140] [0x40297800] [info]    # out dummies      : 80435584
[2016-05-12 06:44:03.919170] [0x40297800] [info]    # inc dummies      : 80435584
[2016-05-12 06:44:03.919179] [0x40297800] [info]    # inc dummy shifts : 3235922845
[2016-05-12 06:44:03.919184] [0x40297800] [trace]   Sorting dummies...
[2016-05-12 06:44:06.416712] [0x40297800] [trace]   Materializing dummies...
[2016-05-12 06:49:51.996593] [0x40297800] [trace]   Merging in dummies...
[2016-05-12 07:13:08.817253] [0x40297800] [trace]   Building dBG...
[2016-05-12 07:18:18.699255] [0x40297800] [trace]   Done!
[2016-05-12 07:18:18.699338] [0x40297800] [info]    
STXXL I/O statistics
 total number of reads                      : 249978 (244.119 Ki) 
 average block size (read)                  : 2097152 (2.000 MiB) 
 number of bytes read from disks            : 524241862656 (488.238 GiB) 
 time spent in serving all read requests    : 8497.71 s @ 58.8342 MiB/s
 time spent in reading (parallel read time) : 1642.41 s @ 304.403 MiB/s
 total number of writes                     : 212195 (207.222 Ki) 
 average block size (write)                 : 2097152 (2.000 MiB) 
 number of bytes written to disks           : 445005168640 (414.443 GiB) 
 time spent in serving all write requests   : 21995.6 s @ 19.2943 MiB/s
 time spent in writing (parallel write time): 915.755 s @ 463.432 MiB/s
 time spent in I/O (parallel I/O time)      : 2073.72 s @ 445.744 MiB/s
 I/O wait time                              : 349.707 s
 I/O wait4read time                         : 188.311 s
 I/O wait4write time                        : 161.396 s
 Time since the last reset                  : 3881.95 s
 Peak disk allocs                           : 254326 MB
	Command being timed: "/home/alex/projects/cosmo/cosmo-build64 /home/alex/data/dsk_runs/human_k56_t2_nocount.solid_kmers_binary -k 56 -m 2048 -d -o /home/alex/data/ssd/"
	User time (seconds): 6784.31
	System time (seconds): 235.30
	Percent of CPU this job got: 180%
	Elapsed (wall clock) time (h:mm:ss or m:ss): 1:04:42
	Average shared text size (kbytes): 0
	Average unshared data size (kbytes): 0
	Average stack size (kbytes): 0
	Average total size (kbytes): 0
	Maximum resident set size (kbytes): 8021176
	Average resident set size (kbytes): 0
	Major (requiring I/O) page faults: 3
	Minor (reclaiming a frame) page faults: 701676
	Voluntary context switches: 978109
	Involuntary context switches: 725556
	Swaps: 0
	File system inputs: 1039509400
	File system outputs: 886132200
	Socket messages sent: 0
	Socket messages received: 0
	Signals delivered: 0
	Page size (bytes): 4096
	Exit status: 0
