>> /home/alex/projects/cosmo/cosmo-build64 /home/alex/data/dsk_runs/human_k56_t2_nocount.solid_kmers_binary -k 56 -m 2048 -dv -o /home/alex/data/ssd/
[STXXL-MSG] STXXL v1.4.99 (prerelease/Release) (git 052d8b31f26e77cea290d72da0b1e358f53a54dd) + gnu parallel(20151204)
[STXXL-MSG] Disk '/dev/sda' is allocated, space: 238475 MiB, I/O implementation: linuxaio autogrow=no devid=0 raw_device
[STXXL-MSG] Disk '/dev/sdb' is allocated, space: 238475 MiB, I/O implementation: linuxaio autogrow=no devid=1 raw_device
[STXXL-MSG] Disk '/dev/sdd' is allocated, space: 238475 MiB, I/O implementation: linuxaio autogrow=no devid=2 raw_device
[STXXL-MSG] Disk '/dev/sde' is allocated, space: 238475 MiB, I/O implementation: linuxaio autogrow=no devid=3 raw_device
[STXXL-MSG] In total 4 disks are allocated, space: 953900 MiB
[2016-05-12 08:22:47.505017] [0xc35c0800] [info]    /home/alex/data/dsk_runs/human_k56_t2_nocount.solid_kmers_binary looks like a DSK1 file.
[2016-05-12 08:22:47.690966] [0xc35c0800] [trace]   Reading input and creating runs...
[STXXL-MSG] Set up an linuxaio queue with 64 entries.
[2016-05-12 08:30:31.120075] [0xc35c0800] [info]    Building from 3589045908 edges...
[2016-05-12 08:30:31.120109] [0xc35c0800] [trace]   Merging runs...
[2016-05-12 08:30:35.260016] [0xbf4bf700] [trace]   Materializing table B...
[2016-05-12 08:30:36.969004] [0xbfcc0700] [trace]   Materializing table A...
[2016-05-12 08:37:55.936693] [0xc35c0800] [trace]   Searching for nodes requiring dummy edges...
[2016-05-12 08:53:20.711677] [0xc35c0800] [info]    # out dummies      : 80435584
[2016-05-12 08:53:20.711711] [0xc35c0800] [info]    # inc dummies      : 80435584
[2016-05-12 08:53:20.711721] [0xc35c0800] [info]    # inc dummy shifts : 3235922845
[2016-05-12 08:53:20.711727] [0xc35c0800] [trace]   Sorting dummies...
[2016-05-12 08:53:23.258213] [0xc35c0800] [trace]   Materializing dummies...
[2016-05-12 08:59:07.220365] [0xc35c0800] [trace]   Merging in dummies...
[2016-05-12 09:24:33.879579] [0xc35c0800] [trace]   Building dBG...
[2016-05-12 09:48:14.047643] [0xc35c0800] [trace]   Done!
[2016-05-12 09:48:14.059387] [0xc35c0800] [info]    
STXXL I/O statistics
 total number of reads                      : 249979 (244.120 Ki) 
 average block size (read)                  : 2097152 (2.000 MiB) 
 number of bytes read from disks            : 524243959808 (488.240 GiB) 
 time spent in serving all read requests    : 8526.49 s @ 58.6359 MiB/s
 time spent in reading (parallel read time) : 1650.46 s @ 302.919 MiB/s
 total number of writes                     : 215488 (210.438 Ki) 
 average block size (write)                 : 2097152 (2.000 MiB) 
 number of bytes written to disks           : 451911090176 (420.875 GiB) 
 time spent in serving all write requests   : 21830.6 s @ 19.7419 MiB/s
 time spent in writing (parallel write time): 946.841 s @ 455.172 MiB/s
 time spent in I/O (parallel I/O time)      : 2100.76 s @ 443.143 MiB/s
 I/O wait time                              : 351.183 s
 I/O wait4read time                         : 188.751 s
 I/O wait4write time                        : 162.432 s
 Time since the last reset                  : 5126.56 s
 Peak disk allocs                           : 254326 MB
	Command being timed: "/home/alex/projects/cosmo/cosmo-build64 /home/alex/data/dsk_runs/human_k56_t2_nocount.solid_kmers_binary -k 56 -m 2048 -dv -o /home/alex/data/ssd/"
	User time (seconds): 7688.08
	System time (seconds): 273.38
	Percent of CPU this job got: 155%
	Elapsed (wall clock) time (h:mm:ss or m:ss): 1:25:26
	Average shared text size (kbytes): 0
	Average unshared data size (kbytes): 0
	Average stack size (kbytes): 0
	Average total size (kbytes): 0
	Maximum resident set size (kbytes): 9760928
	Average resident set size (kbytes): 0
	Major (requiring I/O) page faults: 714
	Minor (reclaiming a frame) page faults: 921839
	Voluntary context switches: 1076214
	Involuntary context switches: 859714
	Swaps: 0
	File system inputs: 1065707216
	File system outputs: 960958648
	Socket messages sent: 0
	Socket messages received: 0
	Signals delivered: 0
	Page size (bytes): 4096
	Exit status: 0
