>> /home/alex/projects/cosmo/cosmo-build64 /home/alex/data/dsk_runs/parrot_k56_t1_nocount.solid_kmers_binary -k 56 -m 2048 -dv -o /home/alex/data/ssd/
[STXXL-MSG] STXXL v1.4.99 (prerelease/Release) (git 052d8b31f26e77cea290d72da0b1e358f53a54dd) + gnu parallel(20151204)
[STXXL-MSG] Disk '/dev/sda' is allocated, space: 238475 MiB, I/O implementation: linuxaio autogrow=no devid=0 raw_device
[STXXL-MSG] Disk '/dev/sdb' is allocated, space: 238475 MiB, I/O implementation: linuxaio autogrow=no devid=1 raw_device
[STXXL-MSG] Disk '/dev/sdd' is allocated, space: 238475 MiB, I/O implementation: linuxaio autogrow=no devid=2 raw_device
[STXXL-MSG] Disk '/dev/sde' is allocated, space: 238475 MiB, I/O implementation: linuxaio autogrow=no devid=3 raw_device
[STXXL-MSG] In total 4 disks are allocated, space: 953900 MiB
[2016-05-18 17:51:21.610392] [0x849fc800] [info]    /home/alex/data/dsk_runs/parrot_k56_t1_nocount.solid_kmers_binary looks like a DSK1 file.
[2016-05-18 17:51:21.803228] [0x849fc800] [trace]   Reading input and creating runs...
[STXXL-MSG] Set up an linuxaio queue with 64 entries.
[2016-05-18 18:11:55.257188] [0x849fc800] [info]    Building from 9433462870 edges...
[2016-05-18 18:11:55.257243] [0x849fc800] [trace]   Merging runs...
[2016-05-18 18:11:57.276808] [0x808fb700] [trace]   Materializing table B...
[2016-05-18 18:11:58.956496] [0x810fc700] [trace]   Materializing table A...
[2016-05-18 18:35:53.874389] [0x849fc800] [trace]   Searching for nodes requiring dummy edges...
[2016-05-18 19:13:19.291062] [0x849fc800] [info]    # out dummies      : 166264101
[2016-05-18 19:13:19.291092] [0x849fc800] [info]    # inc dummies      : 166264101
[2016-05-18 19:13:19.291101] [0x849fc800] [info]    # inc dummy shifts : 6803162731
[2016-05-18 19:13:19.291106] [0x849fc800] [trace]   Sorting dummies...
[2016-05-18 19:13:23.330887] [0x849fc800] [trace]   Materializing dummies...
[2016-05-18 19:26:37.236586] [0x849fc800] [trace]   Merging in dummies...
[2016-05-18 20:26:20.403169] [0x849fc800] [trace]   Building dBG...
[2016-05-18 21:38:44.465830] [0x849fc800] [trace]   Done!
[2016-05-18 21:38:44.474786] [0x849fc800] [info]    
STXXL I/O statistics
 total number of reads                      : 604740 (590.566 Ki) 
 average block size (read)                  : 2097152 (2.000 MiB) 
 number of bytes read from disks            : 1268231700480 (1.153 TiB) 
 time spent in serving all read requests    : 25598.9 s @ 47.2473 MiB/s
 time spent in reading (parallel read time) : 4030.54 s @ 300.079 MiB/s
 total number of writes                     : 512422 (500.412 Ki) 
 average block size (write)                 : 2097152 (2.000 MiB) 
 number of bytes written to disks           : 1074626822144 (1000.824 GiB) 
 time spent in serving all write requests   : 52052.8 s @ 19.6886 MiB/s
 time spent in writing (parallel write time): 2411.75 s @ 424.938 MiB/s
 time spent in I/O (parallel I/O time)      : 5199.3 s @ 429.736 MiB/s
 I/O wait time                              : 905.973 s
 I/O wait4read time                         : 427.584 s
 I/O wait4write time                        : 478.389 s
 Time since the last reset                  : 13642.9 s
 Peak disk allocs                           : 575776 MB
	Command being timed: "/home/alex/projects/cosmo/cosmo-build64 /home/alex/data/dsk_runs/parrot_k56_t1_nocount.solid_kmers_binary -k 56 -m 2048 -dv -o /home/alex/data/ssd/"
	User time (seconds): 19278.94
	System time (seconds): 745.46
	Percent of CPU this job got: 146%
	Elapsed (wall clock) time (h:mm:ss or m:ss): 3:47:25
	Average shared text size (kbytes): 0
	Average unshared data size (kbytes): 0
	Average stack size (kbytes): 0
	Average total size (kbytes): 0
	Maximum resident set size (kbytes): 16032156
	Average resident set size (kbytes): 0
	Major (requiring I/O) page faults: 1408561
	Minor (reclaiming a frame) page faults: 27000486
	Voluntary context switches: 5205948
	Involuntary context switches: 1961526
	Swaps: 0
	File system inputs: 2859767536
	File system outputs: 2300555856
	Socket messages sent: 0
	Socket messages received: 0
	Signals delivered: 0
	Page size (bytes): 4096
	Exit status: 0
