>> /home/alex/projects/cosmo/cosmo-build64 /home/alex/data/dsk_runs/parrot_k56_t1_nocount.solid_kmers_binary -k 56 -m 2048 -d -o /home/alex/data/ssd/
[STXXL-MSG] STXXL v1.4.99 (prerelease/Release) (git 052d8b31f26e77cea290d72da0b1e358f53a54dd) + gnu parallel(20151204)
[STXXL-MSG] Disk '/dev/sda' is allocated, space: 238475 MiB, I/O implementation: linuxaio autogrow=no devid=0 raw_device
[STXXL-MSG] Disk '/dev/sdb' is allocated, space: 238475 MiB, I/O implementation: linuxaio autogrow=no devid=1 raw_device
[STXXL-MSG] Disk '/dev/sdd' is allocated, space: 238475 MiB, I/O implementation: linuxaio autogrow=no devid=2 raw_device
[STXXL-MSG] Disk '/dev/sde' is allocated, space: 238475 MiB, I/O implementation: linuxaio autogrow=no devid=3 raw_device
[STXXL-MSG] In total 4 disks are allocated, space: 953900 MiB
[2016-05-18 02:08:34.106986] [0x3d14d800] [info]    /home/alex/data/dsk_runs/parrot_k56_t1_nocount.solid_kmers_binary looks like a DSK1 file.
[2016-05-18 02:08:34.296164] [0x3d14d800] [trace]   Reading input and creating runs...
[STXXL-MSG] Set up an linuxaio queue with 64 entries.
[2016-05-18 02:28:58.397432] [0x3d14d800] [info]    Building from 9433462870 edges...
[2016-05-18 02:28:58.397468] [0x3d14d800] [trace]   Merging runs...
[2016-05-18 02:29:01.043154] [0x3904c700] [trace]   Materializing table B...
[2016-05-18 02:29:01.980994] [0x3984d700] [trace]   Materializing table A...
[2016-05-18 02:52:45.365444] [0x3d14d800] [trace]   Searching for nodes requiring dummy edges...
[2016-05-18 03:30:36.176904] [0x3d14d800] [info]    # out dummies      : 166264101
[2016-05-18 03:30:36.176936] [0x3d14d800] [info]    # inc dummies      : 166264101
[2016-05-18 03:30:36.176945] [0x3d14d800] [info]    # inc dummy shifts : 6803162731
[2016-05-18 03:30:36.176950] [0x3d14d800] [trace]   Sorting dummies...
[2016-05-18 03:30:40.720642] [0x3d14d800] [trace]   Materializing dummies...
[2016-05-18 03:43:52.949062] [0x3d14d800] [trace]   Merging in dummies...
[2016-05-18 04:38:50.123334] [0x3d14d800] [trace]   Building dBG...
[2016-05-18 04:52:03.333336] [0x3d14d800] [trace]   Done!
[2016-05-18 04:52:03.335119] [0x3d14d800] [info]    
STXXL I/O statistics
 total number of reads                      : 604738 (590.564 Ki) 
 average block size (read)                  : 2097152 (2.000 MiB) 
 number of bytes read from disks            : 1268227506176 (1.153 TiB) 
 time spent in serving all read requests    : 27016 s @ 44.7688 MiB/s
 time spent in reading (parallel read time) : 4077.67 s @ 296.609 MiB/s
 total number of writes                     : 504600 (492.773 Ki) 
 average block size (write)                 : 2097152 (2.000 MiB) 
 number of bytes written to disks           : 1058222899200 (985.547 GiB) 
 time spent in serving all write requests   : 54293.4 s @ 18.5879 MiB/s
 time spent in writing (parallel write time): 2477.99 s @ 407.265 MiB/s
 time spent in I/O (parallel I/O time)      : 5256.32 s @ 422.097 MiB/s
 I/O wait time                              : 998.413 s
 I/O wait4read time                         : 444.922 s
 I/O wait4write time                        : 553.491 s
 Time since the last reset                  : 9809.26 s
 Peak disk allocs                           : 575776 MB
	Command being timed: "/home/alex/projects/cosmo/cosmo-build64 /home/alex/data/dsk_runs/parrot_k56_t1_nocount.solid_kmers_binary -k 56 -m 2048 -d -o /home/alex/data/ssd/"
	User time (seconds): 16957.28
	System time (seconds): 590.37
	Percent of CPU this job got: 178%
	Elapsed (wall clock) time (h:mm:ss or m:ss): 2:43:31
	Average shared text size (kbytes): 0
	Average unshared data size (kbytes): 0
	Average stack size (kbytes): 0
	Average total size (kbytes): 0
	Maximum resident set size (kbytes): 16049164
	Average resident set size (kbytes): 0
	Major (requiring I/O) page faults: 148571
	Minor (reclaiming a frame) page faults: 6445850
	Voluntary context switches: 2714126
	Involuntary context switches: 1700548
	Swaps: 0
	File system inputs: 2582312984
	File system outputs: 2107679984
	Socket messages sent: 0
	Socket messages received: 0
	Signals delivered: 0
	Page size (bytes): 4096
	Exit status: 0
