>> /home/alex/projects/cosmo/cosmo-build64 /home/alex/data/dsk_runs/parrot_k56_t1_nocount.solid_kmers_binary -k 56 -m 2048 -d -o /home/alex/data/ssd/
[STXXL-MSG] STXXL v1.4.99 (prerelease/Release) (git 052d8b31f26e77cea290d72da0b1e358f53a54dd) + gnu parallel(20151204)
[STXXL-MSG] Disk '/dev/sda' is allocated, space: 238475 MiB, I/O implementation: linuxaio autogrow=no devid=0 raw_device
[STXXL-MSG] Disk '/dev/sdb' is allocated, space: 238475 MiB, I/O implementation: linuxaio autogrow=no devid=1 raw_device
[STXXL-MSG] Disk '/dev/sdd' is allocated, space: 238475 MiB, I/O implementation: linuxaio autogrow=no devid=2 raw_device
[STXXL-MSG] Disk '/dev/sde' is allocated, space: 238475 MiB, I/O implementation: linuxaio autogrow=no devid=3 raw_device
[STXXL-MSG] In total 4 disks are allocated, space: 953900 MiB
[2016-05-18 07:34:41.173781] [0x642bd800] [info]    /home/alex/data/dsk_runs/parrot_k56_t1_nocount.solid_kmers_binary looks like a DSK1 file.
[2016-05-18 07:34:41.362407] [0x642bd800] [trace]   Reading input and creating runs...
[STXXL-MSG] Set up an linuxaio queue with 64 entries.
[2016-05-18 07:55:14.359133] [0x642bd800] [info]    Building from 9433462870 edges...
[2016-05-18 07:55:14.359166] [0x642bd800] [trace]   Merging runs...
[2016-05-18 07:55:16.692094] [0x601bc700] [trace]   Materializing table B...
[2016-05-18 07:55:18.169871] [0x609bd700] [trace]   Materializing table A...
[2016-05-18 08:19:14.659706] [0x642bd800] [trace]   Searching for nodes requiring dummy edges...
[2016-05-18 08:56:56.606923] [0x642bd800] [info]    # out dummies      : 166264101
[2016-05-18 08:56:56.606955] [0x642bd800] [info]    # inc dummies      : 166264101
[2016-05-18 08:56:56.606965] [0x642bd800] [info]    # inc dummy shifts : 6803162731
[2016-05-18 08:56:56.606973] [0x642bd800] [trace]   Sorting dummies...
[2016-05-18 08:57:00.598500] [0x642bd800] [trace]   Materializing dummies...
[2016-05-18 09:10:13.640141] [0x642bd800] [trace]   Merging in dummies...
[2016-05-18 10:05:13.767430] [0x642bd800] [trace]   Building dBG...
[2016-05-18 10:19:42.475273] [0x642bd800] [trace]   Done!
[2016-05-18 10:19:42.477967] [0x642bd800] [info]    
STXXL I/O statistics
 total number of reads                      : 604738 (590.564 Ki) 
 average block size (read)                  : 2097152 (2.000 MiB) 
 number of bytes read from disks            : 1268227506176 (1.153 TiB) 
 time spent in serving all read requests    : 26858.9 s @ 45.0307 MiB/s
 time spent in reading (parallel read time) : 4060.64 s @ 297.853 MiB/s
 total number of writes                     : 504600 (492.773 Ki) 
 average block size (write)                 : 2097152 (2.000 MiB) 
 number of bytes written to disks           : 1058222899200 (985.547 GiB) 
 time spent in serving all write requests   : 53441.9 s @ 18.8841 MiB/s
 time spent in writing (parallel write time): 2439.57 s @ 413.679 MiB/s
 time spent in I/O (parallel I/O time)      : 5228.01 s @ 424.383 MiB/s
 I/O wait time                              : 969.279 s
 I/O wait4read time                         : 435.083 s
 I/O wait4write time                        : 534.196 s
 Time since the last reset                  : 9901.34 s
 Peak disk allocs                           : 575776 MB
	Command being timed: "/home/alex/projects/cosmo/cosmo-build64 /home/alex/data/dsk_runs/parrot_k56_t1_nocount.solid_kmers_binary -k 56 -m 2048 -d -o /home/alex/data/ssd/"
	User time (seconds): 17024.98
	System time (seconds): 597.44
	Percent of CPU this job got: 177%
	Elapsed (wall clock) time (h:mm:ss or m:ss): 2:45:03
	Average shared text size (kbytes): 0
	Average unshared data size (kbytes): 0
	Average stack size (kbytes): 0
	Average total size (kbytes): 0
	Maximum resident set size (kbytes): 16040056
	Average resident set size (kbytes): 0
	Major (requiring I/O) page faults: 416826
	Minor (reclaiming a frame) page faults: 8448970
	Voluntary context switches: 3092528
	Involuntary context switches: 1708213
	Swaps: 0
	File system inputs: 2599923656
	File system outputs: 2107680264
	Socket messages sent: 0
	Socket messages received: 0
	Signals delivered: 0
	Page size (bytes): 4096
	Exit status: 0
