>> /home/alex/projects/cosmo/cosmo-build64 /home/alex/data/dsk_runs/parrot_k56_t1_nocount.solid_kmers_binary -k 56 -m 2048 -dv -o /home/alex/data/ssd/
[STXXL-MSG] STXXL v1.4.99 (prerelease/Release) (git 052d8b31f26e77cea290d72da0b1e358f53a54dd) + gnu parallel(20151204)
[STXXL-MSG] Disk '/dev/sda' is allocated, space: 238475 MiB, I/O implementation: linuxaio autogrow=no devid=0 raw_device
[STXXL-MSG] Disk '/dev/sdb' is allocated, space: 238475 MiB, I/O implementation: linuxaio autogrow=no devid=1 raw_device
[STXXL-MSG] Disk '/dev/sdd' is allocated, space: 238475 MiB, I/O implementation: linuxaio autogrow=no devid=2 raw_device
[STXXL-MSG] Disk '/dev/sde' is allocated, space: 238475 MiB, I/O implementation: linuxaio autogrow=no devid=3 raw_device
[STXXL-MSG] In total 4 disks are allocated, space: 953900 MiB
[2016-05-18 10:19:45.047367] [0xc3796800] [info]    /home/alex/data/dsk_runs/parrot_k56_t1_nocount.solid_kmers_binary looks like a DSK1 file.
[2016-05-18 10:19:45.233952] [0xc3796800] [trace]   Reading input and creating runs...
[STXXL-MSG] Set up an linuxaio queue with 64 entries.
[2016-05-18 10:40:19.217522] [0xc3796800] [info]    Building from 9433462870 edges...
[2016-05-18 10:40:19.217555] [0xc3796800] [trace]   Merging runs...
[2016-05-18 10:40:21.866204] [0xbf695700] [trace]   Materializing table B...
[2016-05-18 10:40:22.704482] [0xbfe96700] [trace]   Materializing table A...
[2016-05-18 11:02:58.022918] [0xc3796800] [trace]   Searching for nodes requiring dummy edges...
[2016-05-18 11:40:21.464554] [0xc3796800] [info]    # out dummies      : 166264101
[2016-05-18 11:40:21.464589] [0xc3796800] [info]    # inc dummies      : 166264101
[2016-05-18 11:40:21.464598] [0xc3796800] [info]    # inc dummy shifts : 6803162731
[2016-05-18 11:40:21.464605] [0xc3796800] [trace]   Sorting dummies...
[2016-05-18 11:40:25.493292] [0xc3796800] [trace]   Materializing dummies...
[2016-05-18 11:53:40.771311] [0xc3796800] [trace]   Merging in dummies...
[2016-05-18 12:53:17.155210] [0xc3796800] [trace]   Building dBG...
[2016-05-18 14:05:34.520032] [0xc3796800] [trace]   Done!
[2016-05-18 14:05:34.529898] [0xc3796800] [info]    
STXXL I/O statistics
 total number of reads                      : 604740 (590.566 Ki) 
 average block size (read)                  : 2097152 (2.000 MiB) 
 number of bytes read from disks            : 1268231700480 (1.153 TiB) 
 time spent in serving all read requests    : 25403.5 s @ 47.6107 MiB/s
 time spent in reading (parallel read time) : 4017.34 s @ 301.065 MiB/s
 total number of writes                     : 512422 (500.412 Ki) 
 average block size (write)                 : 2097152 (2.000 MiB) 
 number of bytes written to disks           : 1074626822144 (1000.824 GiB) 
 time spent in serving all write requests   : 51835.1 s @ 19.7712 MiB/s
 time spent in writing (parallel write time): 2345.16 s @ 437.003 MiB/s
 time spent in I/O (parallel I/O time)      : 5135.75 s @ 435.053 MiB/s
 I/O wait time                              : 904.251 s
 I/O wait4read time                         : 426.446 s
 I/O wait4write time                        : 477.806 s
 Time since the last reset                  : 13549.5 s
 Peak disk allocs                           : 575776 MB
	Command being timed: "/home/alex/projects/cosmo/cosmo-build64 /home/alex/data/dsk_runs/parrot_k56_t1_nocount.solid_kmers_binary -k 56 -m 2048 -dv -o /home/alex/data/ssd/"
	User time (seconds): 19109.50
	System time (seconds): 748.97
	Percent of CPU this job got: 146%
	Elapsed (wall clock) time (h:mm:ss or m:ss): 3:45:52
	Average shared text size (kbytes): 0
	Average unshared data size (kbytes): 0
	Average stack size (kbytes): 0
	Average total size (kbytes): 0
	Maximum resident set size (kbytes): 16066444
	Average resident set size (kbytes): 0
	Major (requiring I/O) page faults: 1701583
	Minor (reclaiming a frame) page faults: 28772580
	Voluntary context switches: 5852014
	Involuntary context switches: 1941249
	Swaps: 0
	File system inputs: 2870990416
	File system outputs: 2300479608
	Socket messages sent: 0
	Socket messages received: 0
	Signals delivered: 0
	Page size (bytes): 4096
	Exit status: 0
